This file contains any messages produced by compilers while
running configure, to aid debugging if configure makes a mistake.

It was created by fontconfig configure 2.11.91, which was
generated by GNU Autoconf 2.69.  Invocation command line was

  $ ./configure 

## --------- ##
## Platform. ##
## --------- ##

hostname = MBP-de-Carlos-2
uname -m = x86_64
uname -r = 14.0.0
uname -s = Darwin
uname -v = Darwin Kernel Version 14.0.0: Fri Sep 19 00:26:44 PDT 2014; root:xnu-2782.1.97~2/RELEASE_X86_64

/usr/bin/uname -p = i386
/bin/uname -X     = unknown

/bin/arch              = unknown
/usr/bin/arch -k       = unknown
/usr/convex/getsysinfo = unknown
/usr/bin/hostinfo      = Mach kernel version:
	 Darwin Kernel Version 14.0.0: Fri Sep 19 00:26:44 PDT 2014; root:xnu-2782.1.97~2/RELEASE_X86_64
Kernel configured for up to 4 processors.
2 processors are physically available.
4 processors are logically available.
Processor type: x86_64h (Intel x86-64h Haswell)
Processors active: 0 1 2 3
Primary memory available: 8.00 gigabytes
Default processor set: 256 tasks, 1280 threads, 4 processors
Load average: 2.27, Mach factor: 1.72
/bin/machine           = unknown
/usr/bin/oslevel       = unknown
/bin/universe          = unknown

PATH: /usr/bin
PATH: /bin
PATH: /usr/sbin
PATH: /sbin
PATH: /usr/local/bin
PATH: /opt/android-sdk/tools
PATH: /opt/android-sdk/platform-tools
PATH: /Users/soywiz/projects/tools
PATH: /Users/soywiz/projects/tools/mac
PATH: /Users/soywiz/Projects/Akamon/frontend-dev-scripts


## ----------- ##
## Core tests. ##
## ----------- ##

configure:2682: checking for a BSD-compatible install
configure:2750: result: /usr/bin/install -c
configure:2761: checking whether build environment is sane
configure:2816: result: yes
configure:2967: checking for a thread-safe mkdir -p
configure:3006: result: /usr/local/bin/gmkdir -p
configure:3013: checking for gawk
configure:3029: found /usr/local/bin/gawk
configure:3040: result: gawk
configure:3051: checking whether make sets $(MAKE)
configure:3073: result: yes
configure:3102: checking whether make supports nested variables
configure:3119: result: yes
configure:3255: checking whether make supports nested variables
configure:3272: result: yes
configure:3337: checking for gcc
configure:3353: found /usr/bin/gcc
configure:3364: result: gcc
configure:3593: checking for C compiler version
configure:3602: gcc --version >&5
Apple LLVM version 6.0 (clang-600.0.56) (based on LLVM 3.5svn)
Target: x86_64-apple-darwin14.0.0
Thread model: posix
Configured with: --prefix=/Applications/Xcode.app/Contents/Developer/usr --with-gxx-include-dir=/usr/include/c++/4.2.1
configure:3613: $? = 0
configure:3602: gcc -v >&5
Configured with: --prefix=/Applications/Xcode.app/Contents/Developer/usr --with-gxx-include-dir=/usr/include/c++/4.2.1
Apple LLVM version 6.0 (clang-600.0.56) (based on LLVM 3.5svn)
Target: x86_64-apple-darwin14.0.0
Thread model: posix
configure:3613: $? = 0
configure:3602: gcc -V >&5
clang: error: argument to '-V' is missing (expected 1 value)
clang: error: no input files
configure:3613: $? = 1
configure:3602: gcc -qversion >&5
clang: error: unknown argument: '-qversion'
clang: error: no input files
configure:3613: $? = 1
configure:3633: checking whether the C compiler works
configure:3655: gcc    conftest.c  >&5
configure:3659: $? = 0
configure:3707: result: yes
configure:3710: checking for C compiler default output file name
configure:3712: result: a.out
configure:3718: checking for suffix of executables
configure:3725: gcc -o conftest    conftest.c  >&5
configure:3729: $? = 0
configure:3751: result: 
configure:3773: checking whether we are cross compiling
configure:3781: gcc -o conftest    conftest.c  >&5
configure:3785: $? = 0
configure:3792: ./conftest
configure:3796: $? = 0
configure:3811: result: no
configure:3816: checking for suffix of object files
configure:3838: gcc -c   conftest.c >&5
configure:3842: $? = 0
configure:3863: result: o
configure:3867: checking whether we are using the GNU C compiler
configure:3886: gcc -c   conftest.c >&5
configure:3886: $? = 0
configure:3895: result: yes
configure:3904: checking whether gcc accepts -g
configure:3924: gcc -c -g  conftest.c >&5
configure:3924: $? = 0
configure:3965: result: yes
configure:3982: checking for gcc option to accept ISO C89
configure:4045: gcc  -c -g -O2  conftest.c >&5
configure:4045: $? = 0
configure:4058: result: none needed
configure:4083: checking whether gcc understands -c and -o together
configure:4105: gcc -c conftest.c -o conftest2.o
configure:4108: $? = 0
configure:4105: gcc -c conftest.c -o conftest2.o
configure:4108: $? = 0
configure:4120: result: yes
configure:4148: checking for style of include used by make
configure:4176: result: GNU
configure:4202: checking dependency style of gcc
configure:4313: result: gcc3
configure:4334: checking how to run the C preprocessor
configure:4365: gcc -E  conftest.c
configure:4365: $? = 0
configure:4379: gcc -E  conftest.c
conftest.c:11:10: fatal error: 'ac_nonexistent.h' file not found
#include <ac_nonexistent.h>
         ^
1 error generated.
configure:4379: $? = 1
configure: failed program was:
| /* confdefs.h */
| #define PACKAGE_NAME "fontconfig"
| #define PACKAGE_TARNAME "fontconfig"
| #define PACKAGE_VERSION "2.11.91"
| #define PACKAGE_STRING "fontconfig 2.11.91"
| #define PACKAGE_BUGREPORT "https://bugs.freedesktop.org/enter_bug.cgi?product=fontconfig"
| #define PACKAGE_URL ""
| #define PACKAGE "fontconfig"
| #define VERSION "2.11.91"
| /* end confdefs.h.  */
| #include <ac_nonexistent.h>
configure:4404: result: gcc -E
configure:4424: gcc -E  conftest.c
configure:4424: $? = 0
configure:4438: gcc -E  conftest.c
conftest.c:11:10: fatal error: 'ac_nonexistent.h' file not found
#include <ac_nonexistent.h>
         ^
1 error generated.
configure:4438: $? = 1
configure: failed program was:
| /* confdefs.h */
| #define PACKAGE_NAME "fontconfig"
| #define PACKAGE_TARNAME "fontconfig"
| #define PACKAGE_VERSION "2.11.91"
| #define PACKAGE_STRING "fontconfig 2.11.91"
| #define PACKAGE_BUGREPORT "https://bugs.freedesktop.org/enter_bug.cgi?product=fontconfig"
| #define PACKAGE_URL ""
| #define PACKAGE "fontconfig"
| #define VERSION "2.11.91"
| /* end confdefs.h.  */
| #include <ac_nonexistent.h>
configure:4467: checking for grep that handles long lines and -e
configure:4525: result: /usr/bin/grep
configure:4530: checking for egrep
configure:4592: result: /usr/bin/grep -E
configure:4597: checking for ANSI C header files
configure:4617: gcc -c -g -O2  conftest.c >&5
configure:4617: $? = 0
configure:4690: gcc -o conftest -g -O2   conftest.c  >&5
configure:4690: $? = 0
configure:4690: ./conftest
configure:4690: $? = 0
configure:4701: result: yes
configure:4714: checking for sys/types.h
configure:4714: gcc -c -g -O2  conftest.c >&5
configure:4714: $? = 0
configure:4714: result: yes
configure:4714: checking for sys/stat.h
configure:4714: gcc -c -g -O2  conftest.c >&5
configure:4714: $? = 0
configure:4714: result: yes
configure:4714: checking for stdlib.h
configure:4714: gcc -c -g -O2  conftest.c >&5
configure:4714: $? = 0
configure:4714: result: yes
configure:4714: checking for string.h
configure:4714: gcc -c -g -O2  conftest.c >&5
configure:4714: $? = 0
configure:4714: result: yes
configure:4714: checking for memory.h
configure:4714: gcc -c -g -O2  conftest.c >&5
configure:4714: $? = 0
configure:4714: result: yes
configure:4714: checking for strings.h
configure:4714: gcc -c -g -O2  conftest.c >&5
configure:4714: $? = 0
configure:4714: result: yes
configure:4714: checking for inttypes.h
configure:4714: gcc -c -g -O2  conftest.c >&5
configure:4714: $? = 0
configure:4714: result: yes
configure:4714: checking for stdint.h
configure:4714: gcc -c -g -O2  conftest.c >&5
configure:4714: $? = 0
configure:4714: result: yes
configure:4714: checking for unistd.h
configure:4714: gcc -c -g -O2  conftest.c >&5
configure:4714: $? = 0
configure:4714: result: yes
configure:4727: checking minix/config.h usability
configure:4727: gcc -c -g -O2  conftest.c >&5
conftest.c:54:10: fatal error: 'minix/config.h' file not found
#include <minix/config.h>
         ^
1 error generated.
configure:4727: $? = 1
configure: failed program was:
| /* confdefs.h */
| #define PACKAGE_NAME "fontconfig"
| #define PACKAGE_TARNAME "fontconfig"
| #define PACKAGE_VERSION "2.11.91"
| #define PACKAGE_STRING "fontconfig 2.11.91"
| #define PACKAGE_BUGREPORT "https://bugs.freedesktop.org/enter_bug.cgi?product=fontconfig"
| #define PACKAGE_URL ""
| #define PACKAGE "fontconfig"
| #define VERSION "2.11.91"
| #define STDC_HEADERS 1
| #define HAVE_SYS_TYPES_H 1
| #define HAVE_SYS_STAT_H 1
| #define HAVE_STDLIB_H 1
| #define HAVE_STRING_H 1
| #define HAVE_MEMORY_H 1
| #define HAVE_STRINGS_H 1
| #define HAVE_INTTYPES_H 1
| #define HAVE_STDINT_H 1
| #define HAVE_UNISTD_H 1
| /* end confdefs.h.  */
| #include <stdio.h>
| #ifdef HAVE_SYS_TYPES_H
| # include <sys/types.h>
| #endif
| #ifdef HAVE_SYS_STAT_H
| # include <sys/stat.h>
| #endif
| #ifdef STDC_HEADERS
| # include <stdlib.h>
| # include <stddef.h>
| #else
| # ifdef HAVE_STDLIB_H
| #  include <stdlib.h>
| # endif
| #endif
| #ifdef HAVE_STRING_H
| # if !defined STDC_HEADERS && defined HAVE_MEMORY_H
| #  include <memory.h>
| # endif
| # include <string.h>
| #endif
| #ifdef HAVE_STRINGS_H
| # include <strings.h>
| #endif
| #ifdef HAVE_INTTYPES_H
| # include <inttypes.h>
| #endif
| #ifdef HAVE_STDINT_H
| # include <stdint.h>
| #endif
| #ifdef HAVE_UNISTD_H
| # include <unistd.h>
| #endif
| #include <minix/config.h>
configure:4727: result: no
configure:4727: checking minix/config.h presence
configure:4727: gcc -E  conftest.c
conftest.c:21:10: fatal error: 'minix/config.h' file not found
#include <minix/config.h>
         ^
1 error generated.
configure:4727: $? = 1
configure: failed program was:
| /* confdefs.h */
| #define PACKAGE_NAME "fontconfig"
| #define PACKAGE_TARNAME "fontconfig"
| #define PACKAGE_VERSION "2.11.91"
| #define PACKAGE_STRING "fontconfig 2.11.91"
| #define PACKAGE_BUGREPORT "https://bugs.freedesktop.org/enter_bug.cgi?product=fontconfig"
| #define PACKAGE_URL ""
| #define PACKAGE "fontconfig"
| #define VERSION "2.11.91"
| #define STDC_HEADERS 1
| #define HAVE_SYS_TYPES_H 1
| #define HAVE_SYS_STAT_H 1
| #define HAVE_STDLIB_H 1
| #define HAVE_STRING_H 1
| #define HAVE_MEMORY_H 1
| #define HAVE_STRINGS_H 1
| #define HAVE_INTTYPES_H 1
| #define HAVE_STDINT_H 1
| #define HAVE_UNISTD_H 1
| /* end confdefs.h.  */
| #include <minix/config.h>
configure:4727: result: no
configure:4727: checking for minix/config.h
configure:4727: result: no
configure:4748: checking whether it is safe to define __EXTENSIONS__
configure:4766: gcc -c -g -O2  conftest.c >&5
configure:4766: $? = 0
configure:4773: result: yes
configure:4794: checking for special C compiler options needed for large files
configure:4839: result: no
configure:4845: checking for _FILE_OFFSET_BITS value needed for large files
configure:4870: gcc -c -g -O2  conftest.c >&5
configure:4870: $? = 0
configure:4902: result: no
configure:4988: checking whether ln -s works
configure:4992: result: yes
configure:4999: checking whether make sets $(MAKE)
configure:5021: result: yes
configure:5084: checking for pkg-config
configure:5102: found /usr/local/bin/pkg-config
configure:5114: result: /usr/local/bin/pkg-config
configure:5139: checking pkg-config is at least version 0.9.0
configure:5142: result: yes
configure:5173: checking for RM macro
configure:5217: result: rm -f
configure:5251: checking build system type
configure:5265: result: x86_64-apple-darwin14.0.0
configure:5285: checking host system type
configure:5298: result: x86_64-apple-darwin14.0.0
configure:5339: checking how to print strings
configure:5366: result: printf
configure:5387: checking for a sed that does not truncate output
configure:5451: result: /usr/local/bin/gsed
configure:5469: checking for fgrep
configure:5531: result: /usr/bin/grep -F
configure:5566: checking for ld used by gcc
configure:5633: result: /Applications/Xcode.app/Contents/Developer/Toolchains/XcodeDefault.xctoolchain/usr/bin/ld
configure:5640: checking if the linker (/Applications/Xcode.app/Contents/Developer/Toolchains/XcodeDefault.xctoolchain/usr/bin/ld) is GNU ld
configure:5655: result: no
configure:5667: checking for BSD- or MS-compatible name lister (nm)
configure:5716: result: /usr/bin/nm
configure:5846: checking the name lister (/usr/bin/nm) interface
configure:5853: gcc -c -g -O2  conftest.c >&5
configure:5856: /usr/bin/nm "conftest.o"
configure:5859: output
0000000000000234 S _some_variable
configure:5866: result: BSD nm
configure:5870: checking the maximum length of command line arguments
configure:6000: result: 196608
configure:6017: checking whether the shell understands some XSI constructs
configure:6027: result: yes
configure:6031: checking whether the shell understands "+="
configure:6037: result: yes
configure:6072: checking how to convert x86_64-apple-darwin14.0.0 file names to x86_64-apple-darwin14.0.0 format
configure:6112: result: func_convert_file_noop
configure:6119: checking how to convert x86_64-apple-darwin14.0.0 file names to toolchain format
configure:6139: result: func_convert_file_noop
configure:6146: checking for /Applications/Xcode.app/Contents/Developer/Toolchains/XcodeDefault.xctoolchain/usr/bin/ld option to reload object files
configure:6153: result: -r
configure:6227: checking for objdump
configure:6257: result: no
configure:6283: checking how to recognize dependent libraries
configure:6485: result: pass_all
configure:6570: checking for dlltool
configure:6600: result: no
configure:6627: checking how to associate runtime and link libraries
configure:6654: result: printf %s\n
configure:6714: checking for ar
configure:6730: found /usr/bin/ar
configure:6741: result: ar
configure:6778: checking for archiver @FILE support
configure:6795: gcc -c -g -O2  conftest.c >&5
configure:6795: $? = 0
configure:6798: ar cru libconftest.a @conftest.lst >&5
ar: @conftest.lst: No such file or directory
configure:6801: $? = 1
configure:6821: result: no
configure:6879: checking for strip
configure:6895: found /usr/bin/strip
configure:6906: result: strip
configure:6978: checking for ranlib
configure:6994: found /usr/bin/ranlib
configure:7005: result: ranlib
configure:7107: checking command to parse /usr/bin/nm output from gcc object
configure:7227: gcc -c -g -O2  conftest.c >&5
configure:7230: $? = 0
configure:7234: /usr/bin/nm conftest.o \| sed -n -e 's/^.*[ ]\([BCDEGRST][BCDEGRST]*\)[ ][ ]*\([_A-Za-z][_A-Za-z0-9]*\)$/\1 \2 \2/p' | sed '/ __gnu_lto/d' \> conftest.nm
configure:7237: $? = 0
cannot find nm_test_var in conftest.nm
configure:7227: gcc -c -g -O2  conftest.c >&5
configure:7230: $? = 0
configure:7234: /usr/bin/nm conftest.o \| sed -n -e 's/^.*[ ]\([BCDEGRST][BCDEGRST]*\)[ ][ ]*_\([_A-Za-z][_A-Za-z0-9]*\)$/\1 _\2 \2/p' | sed '/ __gnu_lto/d' \> conftest.nm
configure:7237: $? = 0
configure:7303: gcc -o conftest -g -O2   conftest.c conftstm.o >&5
configure:7306: $? = 0
configure:7344: result: ok
configure:7381: checking for sysroot
configure:7411: result: no
configure:7673: checking for mt
configure:7703: result: no
configure:7723: checking if : is a manifest tool
configure:7729: : '-?'
configure:7737: result: no
configure:7793: checking for dsymutil
configure:7809: found /usr/bin/dsymutil
configure:7820: result: dsymutil
configure:7885: checking for nmedit
configure:7901: found /usr/bin/nmedit
configure:7912: result: nmedit
configure:7977: checking for lipo
configure:7993: found /usr/bin/lipo
configure:8004: result: lipo
configure:8069: checking for otool
configure:8085: found /usr/bin/otool
configure:8096: result: otool
configure:8161: checking for otool64
configure:8191: result: no
configure:8236: checking for -single_module linker flag
gcc -g -O2  -o libconftest.dylib -dynamiclib -Wl,-single_module conftest.c
configure:8269: result: yes
configure:8272: checking for -exported_symbols_list linker flag
configure:8292: gcc -o conftest -g -O2   -Wl,-exported_symbols_list,conftest.sym conftest.c  >&5
configure:8292: $? = 0
configure:8302: result: yes
configure:8305: checking for -force_load linker flag
gcc -g -O2 -c -o conftest.o conftest.c
ar cru libconftest.a conftest.o
ranlib libconftest.a
gcc -g -O2  -o conftest conftest.c -Wl,-force_load,./libconftest.a
configure:8337: result: yes
configure:8376: checking for dlfcn.h
configure:8376: gcc -c -g -O2  conftest.c >&5
configure:8376: $? = 0
configure:8376: result: yes
configure:8879: checking for objdir
configure:8894: result: .libs
configure:9165: checking if gcc supports -fno-rtti -fno-exceptions
configure:9183: gcc -c -g -O2  -fno-rtti -fno-exceptions conftest.c >&5
configure:9187: $? = 0
configure:9200: result: yes
configure:9527: checking for gcc option to produce PIC
configure:9534: result: -fno-common -DPIC
configure:9542: checking if gcc PIC flag -fno-common -DPIC works
configure:9560: gcc -c -g -O2  -fno-common -DPIC -DPIC conftest.c >&5
configure:9564: $? = 0
configure:9577: result: yes
configure:9606: checking if gcc static flag -static works
configure:9634: result: no
configure:9649: checking if gcc supports -c -o file.o
configure:9670: gcc -c -g -O2  -o out/conftest2.o conftest.c >&5
configure:9674: $? = 0
configure:9696: result: yes
configure:9704: checking if gcc supports -c -o file.o
configure:9751: result: yes
configure:9784: checking whether the gcc linker (/Applications/Xcode.app/Contents/Developer/Toolchains/XcodeDefault.xctoolchain/usr/bin/ld) supports shared libraries
configure:10937: result: yes
configure:11177: checking dynamic linker characteristics
configure:11914: result: darwin14.0.0 dyld
configure:12021: checking how to hardcode library paths into programs
configure:12046: result: immediate
configure:12586: checking whether stripping libraries is possible
configure:12600: result: yes
configure:12626: checking if libtool supports shared libraries
configure:12628: result: yes
configure:12631: checking whether to build shared libraries
configure:12652: result: yes
configure:12655: checking whether to build static libraries
configure:12659: result: no
configure:12873: checking for dirent.h that defines DIR
configure:12892: gcc -c -g -O2  conftest.c >&5
configure:12892: $? = 0
configure:12900: result: yes
configure:12913: checking for library containing opendir
configure:12944: gcc -o conftest -g -O2   conftest.c  >&5
configure:12944: $? = 0
configure:12961: result: none required
configure:13028: checking for ANSI C header files
configure:13132: result: yes
configure:13143: checking fcntl.h usability
configure:13143: gcc -c -g -O2  conftest.c >&5
configure:13143: $? = 0
configure:13143: result: yes
configure:13143: checking fcntl.h presence
configure:13143: gcc -E  conftest.c
configure:13143: $? = 0
configure:13143: result: yes
configure:13143: checking for fcntl.h
configure:13143: result: yes
configure:13143: checking for stdlib.h
configure:13143: result: yes
configure:13143: checking for string.h
configure:13143: result: yes
configure:13143: checking for unistd.h
configure:13143: result: yes
configure:13143: checking sys/statvfs.h usability
configure:13143: gcc -c -g -O2  conftest.c >&5
configure:13143: $? = 0
configure:13143: result: yes
configure:13143: checking sys/statvfs.h presence
configure:13143: gcc -E  conftest.c
configure:13143: $? = 0
configure:13143: result: yes
configure:13143: checking for sys/statvfs.h
configure:13143: result: yes
configure:13143: checking sys/vfs.h usability
configure:13143: gcc -c -g -O2  conftest.c >&5
conftest.c:69:10: fatal error: 'sys/vfs.h' file not found
#include <sys/vfs.h>
         ^
1 error generated.
configure:13143: $? = 1
configure: failed program was:
| /* confdefs.h */
| #define PACKAGE_NAME "fontconfig"
| #define PACKAGE_TARNAME "fontconfig"
| #define PACKAGE_VERSION "2.11.91"
| #define PACKAGE_STRING "fontconfig 2.11.91"
| #define PACKAGE_BUGREPORT "https://bugs.freedesktop.org/enter_bug.cgi?product=fontconfig"
| #define PACKAGE_URL ""
| #define PACKAGE "fontconfig"
| #define VERSION "2.11.91"
| #define STDC_HEADERS 1
| #define HAVE_SYS_TYPES_H 1
| #define HAVE_SYS_STAT_H 1
| #define HAVE_STDLIB_H 1
| #define HAVE_STRING_H 1
| #define HAVE_MEMORY_H 1
| #define HAVE_STRINGS_H 1
| #define HAVE_INTTYPES_H 1
| #define HAVE_STDINT_H 1
| #define HAVE_UNISTD_H 1
| #define __EXTENSIONS__ 1
| #define _ALL_SOURCE 1
| #define _GNU_SOURCE 1
| #define _POSIX_PTHREAD_SEMANTICS 1
| #define _TANDEM_SOURCE 1
| #define HAVE_DLFCN_H 1
| #define LT_OBJDIR ".libs/"
| #define HAVE_WARNING_CPP_DIRECTIVE 1
| #define HAVE_DIRENT_H 1
| #define STDC_HEADERS 1
| #define HAVE_FCNTL_H 1
| #define HAVE_STDLIB_H 1
| #define HAVE_STRING_H 1
| #define HAVE_UNISTD_H 1
| #define HAVE_SYS_STATVFS_H 1
| /* end confdefs.h.  */
| #include <stdio.h>
| #ifdef HAVE_SYS_TYPES_H
| # include <sys/types.h>
| #endif
| #ifdef HAVE_SYS_STAT_H
| # include <sys/stat.h>
| #endif
| #ifdef STDC_HEADERS
| # include <stdlib.h>
| # include <stddef.h>
| #else
| # ifdef HAVE_STDLIB_H
| #  include <stdlib.h>
| # endif
| #endif
| #ifdef HAVE_STRING_H
| # if !defined STDC_HEADERS && defined HAVE_MEMORY_H
| #  include <memory.h>
| # endif
| # include <string.h>
| #endif
| #ifdef HAVE_STRINGS_H
| # include <strings.h>
| #endif
| #ifdef HAVE_INTTYPES_H
| # include <inttypes.h>
| #endif
| #ifdef HAVE_STDINT_H
| # include <stdint.h>
| #endif
| #ifdef HAVE_UNISTD_H
| # include <unistd.h>
| #endif
| #include <sys/vfs.h>
configure:13143: result: no
configure:13143: checking sys/vfs.h presence
configure:13143: gcc -E  conftest.c
conftest.c:36:10: fatal error: 'sys/vfs.h' file not found
#include <sys/vfs.h>
         ^
1 error generated.
configure:13143: $? = 1
configure: failed program was:
| /* confdefs.h */
| #define PACKAGE_NAME "fontconfig"
| #define PACKAGE_TARNAME "fontconfig"
| #define PACKAGE_VERSION "2.11.91"
| #define PACKAGE_STRING "fontconfig 2.11.91"
| #define PACKAGE_BUGREPORT "https://bugs.freedesktop.org/enter_bug.cgi?product=fontconfig"
| #define PACKAGE_URL ""
| #define PACKAGE "fontconfig"
| #define VERSION "2.11.91"
| #define STDC_HEADERS 1
| #define HAVE_SYS_TYPES_H 1
| #define HAVE_SYS_STAT_H 1
| #define HAVE_STDLIB_H 1
| #define HAVE_STRING_H 1
| #define HAVE_MEMORY_H 1
| #define HAVE_STRINGS_H 1
| #define HAVE_INTTYPES_H 1
| #define HAVE_STDINT_H 1
| #define HAVE_UNISTD_H 1
| #define __EXTENSIONS__ 1
| #define _ALL_SOURCE 1
| #define _GNU_SOURCE 1
| #define _POSIX_PTHREAD_SEMANTICS 1
| #define _TANDEM_SOURCE 1
| #define HAVE_DLFCN_H 1
| #define LT_OBJDIR ".libs/"
| #define HAVE_WARNING_CPP_DIRECTIVE 1
| #define HAVE_DIRENT_H 1
| #define STDC_HEADERS 1
| #define HAVE_FCNTL_H 1
| #define HAVE_STDLIB_H 1
| #define HAVE_STRING_H 1
| #define HAVE_UNISTD_H 1
| #define HAVE_SYS_STATVFS_H 1
| /* end confdefs.h.  */
| #include <sys/vfs.h>
configure:13143: result: no
configure:13143: checking for sys/vfs.h
configure:13143: result: no
configure:13143: checking sys/statfs.h usability
configure:13143: gcc -c -g -O2  conftest.c >&5
conftest.c:69:10: fatal error: 'sys/statfs.h' file not found
#include <sys/statfs.h>
         ^
1 error generated.
configure:13143: $? = 1
configure: failed program was:
| /* confdefs.h */
| #define PACKAGE_NAME "fontconfig"
| #define PACKAGE_TARNAME "fontconfig"
| #define PACKAGE_VERSION "2.11.91"
| #define PACKAGE_STRING "fontconfig 2.11.91"
| #define PACKAGE_BUGREPORT "https://bugs.freedesktop.org/enter_bug.cgi?product=fontconfig"
| #define PACKAGE_URL ""
| #define PACKAGE "fontconfig"
| #define VERSION "2.11.91"
| #define STDC_HEADERS 1
| #define HAVE_SYS_TYPES_H 1
| #define HAVE_SYS_STAT_H 1
| #define HAVE_STDLIB_H 1
| #define HAVE_STRING_H 1
| #define HAVE_MEMORY_H 1
| #define HAVE_STRINGS_H 1
| #define HAVE_INTTYPES_H 1
| #define HAVE_STDINT_H 1
| #define HAVE_UNISTD_H 1
| #define __EXTENSIONS__ 1
| #define _ALL_SOURCE 1
| #define _GNU_SOURCE 1
| #define _POSIX_PTHREAD_SEMANTICS 1
| #define _TANDEM_SOURCE 1
| #define HAVE_DLFCN_H 1
| #define LT_OBJDIR ".libs/"
| #define HAVE_WARNING_CPP_DIRECTIVE 1
| #define HAVE_DIRENT_H 1
| #define STDC_HEADERS 1
| #define HAVE_FCNTL_H 1
| #define HAVE_STDLIB_H 1
| #define HAVE_STRING_H 1
| #define HAVE_UNISTD_H 1
| #define HAVE_SYS_STATVFS_H 1
| /* end confdefs.h.  */
| #include <stdio.h>
| #ifdef HAVE_SYS_TYPES_H
| # include <sys/types.h>
| #endif
| #ifdef HAVE_SYS_STAT_H
| # include <sys/stat.h>
| #endif
| #ifdef STDC_HEADERS
| # include <stdlib.h>
| # include <stddef.h>
| #else
| # ifdef HAVE_STDLIB_H
| #  include <stdlib.h>
| # endif
| #endif
| #ifdef HAVE_STRING_H
| # if !defined STDC_HEADERS && defined HAVE_MEMORY_H
| #  include <memory.h>
| # endif
| # include <string.h>
| #endif
| #ifdef HAVE_STRINGS_H
| # include <strings.h>
| #endif
| #ifdef HAVE_INTTYPES_H
| # include <inttypes.h>
| #endif
| #ifdef HAVE_STDINT_H
| # include <stdint.h>
| #endif
| #ifdef HAVE_UNISTD_H
| # include <unistd.h>
| #endif
| #include <sys/statfs.h>
configure:13143: result: no
configure:13143: checking sys/statfs.h presence
configure:13143: gcc -E  conftest.c
conftest.c:36:10: fatal error: 'sys/statfs.h' file not found
#include <sys/statfs.h>
         ^
1 error generated.
configure:13143: $? = 1
configure: failed program was:
| /* confdefs.h */
| #define PACKAGE_NAME "fontconfig"
| #define PACKAGE_TARNAME "fontconfig"
| #define PACKAGE_VERSION "2.11.91"
| #define PACKAGE_STRING "fontconfig 2.11.91"
| #define PACKAGE_BUGREPORT "https://bugs.freedesktop.org/enter_bug.cgi?product=fontconfig"
| #define PACKAGE_URL ""
| #define PACKAGE "fontconfig"
| #define VERSION "2.11.91"
| #define STDC_HEADERS 1
| #define HAVE_SYS_TYPES_H 1
| #define HAVE_SYS_STAT_H 1
| #define HAVE_STDLIB_H 1
| #define HAVE_STRING_H 1
| #define HAVE_MEMORY_H 1
| #define HAVE_STRINGS_H 1
| #define HAVE_INTTYPES_H 1
| #define HAVE_STDINT_H 1
| #define HAVE_UNISTD_H 1
| #define __EXTENSIONS__ 1
| #define _ALL_SOURCE 1
| #define _GNU_SOURCE 1
| #define _POSIX_PTHREAD_SEMANTICS 1
| #define _TANDEM_SOURCE 1
| #define HAVE_DLFCN_H 1
| #define LT_OBJDIR ".libs/"
| #define HAVE_WARNING_CPP_DIRECTIVE 1
| #define HAVE_DIRENT_H 1
| #define STDC_HEADERS 1
| #define HAVE_FCNTL_H 1
| #define HAVE_STDLIB_H 1
| #define HAVE_STRING_H 1
| #define HAVE_UNISTD_H 1
| #define HAVE_SYS_STATVFS_H 1
| /* end confdefs.h.  */
| #include <sys/statfs.h>
configure:13143: result: no
configure:13143: checking for sys/statfs.h
configure:13143: result: no
configure:13143: checking sys/param.h usability
configure:13143: gcc -c -g -O2  conftest.c >&5
configure:13143: $? = 0
configure:13143: result: yes
configure:13143: checking sys/param.h presence
configure:13143: gcc -E  conftest.c
configure:13143: $? = 0
configure:13143: result: yes
configure:13143: checking for sys/param.h
configure:13143: result: yes
configure:13143: checking sys/mount.h usability
configure:13143: gcc -c -g -O2  conftest.c >&5
configure:13143: $? = 0
configure:13143: result: yes
configure:13143: checking sys/mount.h presence
configure:13143: gcc -E  conftest.c
configure:13143: $? = 0
configure:13143: result: yes
configure:13143: checking for sys/mount.h
configure:13143: result: yes
configure:13154: checking for stdint types
configure:13177: gcc -c   conftest.c >&5
configure:13177: $? = 0
configure:13221: result: stdint.h (shortcircuit)
configure:13608: result: make use of stdint.h in src/fcstdint.h (assuming C99 compatible system)
configure:13617: checking for an ANSI C-conforming const
configure:13683: gcc -c -g -O2  conftest.c >&5
configure:13683: $? = 0
configure:13690: result: yes
configure:13698: checking for inline
configure:13714: gcc -c -g -O2  conftest.c >&5
configure:13714: $? = 0
configure:13722: result: inline
configure:13741: checking for flexible array members
configure:13764: gcc -c -g -O2  conftest.c >&5
configure:13764: $? = 0
configure:13771: result: yes
configure:13782: checking for pid_t
configure:13782: gcc -c -g -O2  conftest.c >&5
configure:13782: $? = 0
configure:13782: gcc -c -g -O2  conftest.c >&5
conftest.c:75:20: error: expected expression
if (sizeof ((pid_t)))
                   ^
1 error generated.
configure:13782: $? = 1
configure: failed program was:
| /* confdefs.h */
| #define PACKAGE_NAME "fontconfig"
| #define PACKAGE_TARNAME "fontconfig"
| #define PACKAGE_VERSION "2.11.91"
| #define PACKAGE_STRING "fontconfig 2.11.91"
| #define PACKAGE_BUGREPORT "https://bugs.freedesktop.org/enter_bug.cgi?product=fontconfig"
| #define PACKAGE_URL ""
| #define PACKAGE "fontconfig"
| #define VERSION "2.11.91"
| #define STDC_HEADERS 1
| #define HAVE_SYS_TYPES_H 1
| #define HAVE_SYS_STAT_H 1
| #define HAVE_STDLIB_H 1
| #define HAVE_STRING_H 1
| #define HAVE_MEMORY_H 1
| #define HAVE_STRINGS_H 1
| #define HAVE_INTTYPES_H 1
| #define HAVE_STDINT_H 1
| #define HAVE_UNISTD_H 1
| #define __EXTENSIONS__ 1
| #define _ALL_SOURCE 1
| #define _GNU_SOURCE 1
| #define _POSIX_PTHREAD_SEMANTICS 1
| #define _TANDEM_SOURCE 1
| #define HAVE_DLFCN_H 1
| #define LT_OBJDIR ".libs/"
| #define HAVE_WARNING_CPP_DIRECTIVE 1
| #define HAVE_DIRENT_H 1
| #define STDC_HEADERS 1
| #define HAVE_FCNTL_H 1
| #define HAVE_STDLIB_H 1
| #define HAVE_STRING_H 1
| #define HAVE_UNISTD_H 1
| #define HAVE_SYS_STATVFS_H 1
| #define HAVE_SYS_PARAM_H 1
| #define HAVE_SYS_MOUNT_H 1
| #define FLEXIBLE_ARRAY_MEMBER /**/
| /* end confdefs.h.  */
| #include <stdio.h>
| #ifdef HAVE_SYS_TYPES_H
| # include <sys/types.h>
| #endif
| #ifdef HAVE_SYS_STAT_H
| # include <sys/stat.h>
| #endif
| #ifdef STDC_HEADERS
| # include <stdlib.h>
| # include <stddef.h>
| #else
| # ifdef HAVE_STDLIB_H
| #  include <stdlib.h>
| # endif
| #endif
| #ifdef HAVE_STRING_H
| # if !defined STDC_HEADERS && defined HAVE_MEMORY_H
| #  include <memory.h>
| # endif
| # include <string.h>
| #endif
| #ifdef HAVE_STRINGS_H
| # include <strings.h>
| #endif
| #ifdef HAVE_INTTYPES_H
| # include <inttypes.h>
| #endif
| #ifdef HAVE_STDINT_H
| # include <stdint.h>
| #endif
| #ifdef HAVE_UNISTD_H
| # include <unistd.h>
| #endif
| int
| main ()
| {
| if (sizeof ((pid_t)))
| 	    return 0;
|   ;
|   return 0;
| }
configure:13782: result: yes
configure:13797: checking for vprintf
configure:13797: gcc -o conftest -g -O2   conftest.c  >&5
conftest.c:62:6: warning: incompatible redeclaration of library function 'vprintf' [-Wincompatible-library-redeclaration]
char vprintf ();
     ^
conftest.c:62:6: note: 'vprintf' is a builtin with type 'int (const char *, __va_list_tag *)'
1 warning generated.
configure:13797: $? = 0
configure:13797: result: yes
configure:13803: checking for _doprnt
configure:13803: gcc -o conftest -g -O2   conftest.c  >&5
Undefined symbols for architecture x86_64:
  "__doprnt", referenced from:
      _main in conftest-eaceb7.o
ld: symbol(s) not found for architecture x86_64
clang: error: linker command failed with exit code 1 (use -v to see invocation)
configure:13803: $? = 1
configure: failed program was:
| /* confdefs.h */
| #define PACKAGE_NAME "fontconfig"
| #define PACKAGE_TARNAME "fontconfig"
| #define PACKAGE_VERSION "2.11.91"
| #define PACKAGE_STRING "fontconfig 2.11.91"
| #define PACKAGE_BUGREPORT "https://bugs.freedesktop.org/enter_bug.cgi?product=fontconfig"
| #define PACKAGE_URL ""
| #define PACKAGE "fontconfig"
| #define VERSION "2.11.91"
| #define STDC_HEADERS 1
| #define HAVE_SYS_TYPES_H 1
| #define HAVE_SYS_STAT_H 1
| #define HAVE_STDLIB_H 1
| #define HAVE_STRING_H 1
| #define HAVE_MEMORY_H 1
| #define HAVE_STRINGS_H 1
| #define HAVE_INTTYPES_H 1
| #define HAVE_STDINT_H 1
| #define HAVE_UNISTD_H 1
| #define __EXTENSIONS__ 1
| #define _ALL_SOURCE 1
| #define _GNU_SOURCE 1
| #define _POSIX_PTHREAD_SEMANTICS 1
| #define _TANDEM_SOURCE 1
| #define HAVE_DLFCN_H 1
| #define LT_OBJDIR ".libs/"
| #define HAVE_WARNING_CPP_DIRECTIVE 1
| #define HAVE_DIRENT_H 1
| #define STDC_HEADERS 1
| #define HAVE_FCNTL_H 1
| #define HAVE_STDLIB_H 1
| #define HAVE_STRING_H 1
| #define HAVE_UNISTD_H 1
| #define HAVE_SYS_STATVFS_H 1
| #define HAVE_SYS_PARAM_H 1
| #define HAVE_SYS_MOUNT_H 1
| #define FLEXIBLE_ARRAY_MEMBER /**/
| #define HAVE_VPRINTF 1
| /* end confdefs.h.  */
| /* Define _doprnt to an innocuous variant, in case <limits.h> declares _doprnt.
|    For example, HP-UX 11i <limits.h> declares gettimeofday.  */
| #define _doprnt innocuous__doprnt
| 
| /* System header to define __stub macros and hopefully few prototypes,
|     which can conflict with char _doprnt (); below.
|     Prefer <limits.h> to <assert.h> if __STDC__ is defined, since
|     <limits.h> exists even on freestanding compilers.  */
| 
| #ifdef __STDC__
| # include <limits.h>
| #else
| # include <assert.h>
| #endif
| 
| #undef _doprnt
| 
| /* Override any GCC internal prototype to avoid an error.
|    Use char because int might match the return type of a GCC
|    builtin and then its argument prototype would still apply.  */
| #ifdef __cplusplus
| extern "C"
| #endif
| char _doprnt ();
| /* The GNU C library defines this for functions which it implements
|     to always fail with ENOSYS.  Some functions are actually named
|     something starting with __ and the normal name is an alias.  */
| #if defined __stub__doprnt || defined __stub____doprnt
| choke me
| #endif
| 
| int
| main ()
| {
| return _doprnt ();
|   ;
|   return 0;
| }
configure:13803: result: no
configure:13820: checking for stdlib.h
configure:13820: result: yes
configure:13820: checking for unistd.h
configure:13820: result: yes
configure:13820: checking for sys/param.h
configure:13820: result: yes
configure:13840: checking for getpagesize
configure:13840: gcc -o conftest -g -O2   conftest.c  >&5
configure:13840: $? = 0
configure:13840: result: yes
configure:13849: checking for working mmap
configure:13996: gcc -o conftest -g -O2   conftest.c  >&5
configure:13996: $? = 0
configure:13996: ./conftest
configure:13996: $? = 0
configure:14006: result: yes
configure:14018: checking for link
configure:14018: gcc -o conftest -g -O2   conftest.c  >&5
configure:14018: $? = 0
configure:14018: result: yes
configure:14018: checking for mkstemp
configure:14018: gcc -o conftest -g -O2   conftest.c  >&5
configure:14018: $? = 0
configure:14018: result: yes
configure:14018: checking for mkostemp
configure:14018: gcc -o conftest -g -O2   conftest.c  >&5
Undefined symbols for architecture x86_64:
  "_mkostemp", referenced from:
      _main in conftest-64e61a.o
ld: symbol(s) not found for architecture x86_64
clang: error: linker command failed with exit code 1 (use -v to see invocation)
configure:14018: $? = 1
configure: failed program was:
| /* confdefs.h */
| #define PACKAGE_NAME "fontconfig"
| #define PACKAGE_TARNAME "fontconfig"
| #define PACKAGE_VERSION "2.11.91"
| #define PACKAGE_STRING "fontconfig 2.11.91"
| #define PACKAGE_BUGREPORT "https://bugs.freedesktop.org/enter_bug.cgi?product=fontconfig"
| #define PACKAGE_URL ""
| #define PACKAGE "fontconfig"
| #define VERSION "2.11.91"
| #define STDC_HEADERS 1
| #define HAVE_SYS_TYPES_H 1
| #define HAVE_SYS_STAT_H 1
| #define HAVE_STDLIB_H 1
| #define HAVE_STRING_H 1
| #define HAVE_MEMORY_H 1
| #define HAVE_STRINGS_H 1
| #define HAVE_INTTYPES_H 1
| #define HAVE_STDINT_H 1
| #define HAVE_UNISTD_H 1
| #define __EXTENSIONS__ 1
| #define _ALL_SOURCE 1
| #define _GNU_SOURCE 1
| #define _POSIX_PTHREAD_SEMANTICS 1
| #define _TANDEM_SOURCE 1
| #define HAVE_DLFCN_H 1
| #define LT_OBJDIR ".libs/"
| #define HAVE_WARNING_CPP_DIRECTIVE 1
| #define HAVE_DIRENT_H 1
| #define STDC_HEADERS 1
| #define HAVE_FCNTL_H 1
| #define HAVE_STDLIB_H 1
| #define HAVE_STRING_H 1
| #define HAVE_UNISTD_H 1
| #define HAVE_SYS_STATVFS_H 1
| #define HAVE_SYS_PARAM_H 1
| #define HAVE_SYS_MOUNT_H 1
| #define FLEXIBLE_ARRAY_MEMBER /**/
| #define HAVE_VPRINTF 1
| #define HAVE_STDLIB_H 1
| #define HAVE_UNISTD_H 1
| #define HAVE_SYS_PARAM_H 1
| #define HAVE_GETPAGESIZE 1
| #define HAVE_MMAP 1
| #define HAVE_LINK 1
| #define HAVE_MKSTEMP 1
| /* end confdefs.h.  */
| /* Define mkostemp to an innocuous variant, in case <limits.h> declares mkostemp.
|    For example, HP-UX 11i <limits.h> declares gettimeofday.  */
| #define mkostemp innocuous_mkostemp
| 
| /* System header to define __stub macros and hopefully few prototypes,
|     which can conflict with char mkostemp (); below.
|     Prefer <limits.h> to <assert.h> if __STDC__ is defined, since
|     <limits.h> exists even on freestanding compilers.  */
| 
| #ifdef __STDC__
| # include <limits.h>
| #else
| # include <assert.h>
| #endif
| 
| #undef mkostemp
| 
| /* Override any GCC internal prototype to avoid an error.
|    Use char because int might match the return type of a GCC
|    builtin and then its argument prototype would still apply.  */
| #ifdef __cplusplus
| extern "C"
| #endif
| char mkostemp ();
| /* The GNU C library defines this for functions which it implements
|     to always fail with ENOSYS.  Some functions are actually named
|     something starting with __ and the normal name is an alias.  */
| #if defined __stub_mkostemp || defined __stub___mkostemp
| choke me
| #endif
| 
| int
| main ()
| {
| return mkostemp ();
|   ;
|   return 0;
| }
configure:14018: result: no
configure:14018: checking for _mktemp_s
configure:14018: gcc -o conftest -g -O2   conftest.c  >&5
Undefined symbols for architecture x86_64:
  "__mktemp_s", referenced from:
      _main in conftest-61f1a2.o
ld: symbol(s) not found for architecture x86_64
clang: error: linker command failed with exit code 1 (use -v to see invocation)
configure:14018: $? = 1
configure: failed program was:
| /* confdefs.h */
| #define PACKAGE_NAME "fontconfig"
| #define PACKAGE_TARNAME "fontconfig"
| #define PACKAGE_VERSION "2.11.91"
| #define PACKAGE_STRING "fontconfig 2.11.91"
| #define PACKAGE_BUGREPORT "https://bugs.freedesktop.org/enter_bug.cgi?product=fontconfig"
| #define PACKAGE_URL ""
| #define PACKAGE "fontconfig"
| #define VERSION "2.11.91"
| #define STDC_HEADERS 1
| #define HAVE_SYS_TYPES_H 1
| #define HAVE_SYS_STAT_H 1
| #define HAVE_STDLIB_H 1
| #define HAVE_STRING_H 1
| #define HAVE_MEMORY_H 1
| #define HAVE_STRINGS_H 1
| #define HAVE_INTTYPES_H 1
| #define HAVE_STDINT_H 1
| #define HAVE_UNISTD_H 1
| #define __EXTENSIONS__ 1
| #define _ALL_SOURCE 1
| #define _GNU_SOURCE 1
| #define _POSIX_PTHREAD_SEMANTICS 1
| #define _TANDEM_SOURCE 1
| #define HAVE_DLFCN_H 1
| #define LT_OBJDIR ".libs/"
| #define HAVE_WARNING_CPP_DIRECTIVE 1
| #define HAVE_DIRENT_H 1
| #define STDC_HEADERS 1
| #define HAVE_FCNTL_H 1
| #define HAVE_STDLIB_H 1
| #define HAVE_STRING_H 1
| #define HAVE_UNISTD_H 1
| #define HAVE_SYS_STATVFS_H 1
| #define HAVE_SYS_PARAM_H 1
| #define HAVE_SYS_MOUNT_H 1
| #define FLEXIBLE_ARRAY_MEMBER /**/
| #define HAVE_VPRINTF 1
| #define HAVE_STDLIB_H 1
| #define HAVE_UNISTD_H 1
| #define HAVE_SYS_PARAM_H 1
| #define HAVE_GETPAGESIZE 1
| #define HAVE_MMAP 1
| #define HAVE_LINK 1
| #define HAVE_MKSTEMP 1
| /* end confdefs.h.  */
| /* Define _mktemp_s to an innocuous variant, in case <limits.h> declares _mktemp_s.
|    For example, HP-UX 11i <limits.h> declares gettimeofday.  */
| #define _mktemp_s innocuous__mktemp_s
| 
| /* System header to define __stub macros and hopefully few prototypes,
|     which can conflict with char _mktemp_s (); below.
|     Prefer <limits.h> to <assert.h> if __STDC__ is defined, since
|     <limits.h> exists even on freestanding compilers.  */
| 
| #ifdef __STDC__
| # include <limits.h>
| #else
| # include <assert.h>
| #endif
| 
| #undef _mktemp_s
| 
| /* Override any GCC internal prototype to avoid an error.
|    Use char because int might match the return type of a GCC
|    builtin and then its argument prototype would still apply.  */
| #ifdef __cplusplus
| extern "C"
| #endif
| char _mktemp_s ();
| /* The GNU C library defines this for functions which it implements
|     to always fail with ENOSYS.  Some functions are actually named
|     something starting with __ and the normal name is an alias.  */
| #if defined __stub__mktemp_s || defined __stub____mktemp_s
| choke me
| #endif
| 
| int
| main ()
| {
| return _mktemp_s ();
|   ;
|   return 0;
| }
configure:14018: result: no
configure:14018: checking for mkdtemp
configure:14018: gcc -o conftest -g -O2   conftest.c  >&5
configure:14018: $? = 0
configure:14018: result: yes
configure:14018: checking for getopt
configure:14018: gcc -o conftest -g -O2   conftest.c  >&5
configure:14018: $? = 0
configure:14018: result: yes
configure:14018: checking for getopt_long
configure:14018: gcc -o conftest -g -O2   conftest.c  >&5
configure:14018: $? = 0
configure:14018: result: yes
configure:14018: checking for getprogname
configure:14018: gcc -o conftest -g -O2   conftest.c  >&5
configure:14018: $? = 0
configure:14018: result: yes
configure:14018: checking for getexecname
configure:14018: gcc -o conftest -g -O2   conftest.c  >&5
Undefined symbols for architecture x86_64:
  "_getexecname", referenced from:
      _main in conftest-0bfee2.o
ld: symbol(s) not found for architecture x86_64
clang: error: linker command failed with exit code 1 (use -v to see invocation)
configure:14018: $? = 1
configure: failed program was:
| /* confdefs.h */
| #define PACKAGE_NAME "fontconfig"
| #define PACKAGE_TARNAME "fontconfig"
| #define PACKAGE_VERSION "2.11.91"
| #define PACKAGE_STRING "fontconfig 2.11.91"
| #define PACKAGE_BUGREPORT "https://bugs.freedesktop.org/enter_bug.cgi?product=fontconfig"
| #define PACKAGE_URL ""
| #define PACKAGE "fontconfig"
| #define VERSION "2.11.91"
| #define STDC_HEADERS 1
| #define HAVE_SYS_TYPES_H 1
| #define HAVE_SYS_STAT_H 1
| #define HAVE_STDLIB_H 1
| #define HAVE_STRING_H 1
| #define HAVE_MEMORY_H 1
| #define HAVE_STRINGS_H 1
| #define HAVE_INTTYPES_H 1
| #define HAVE_STDINT_H 1
| #define HAVE_UNISTD_H 1
| #define __EXTENSIONS__ 1
| #define _ALL_SOURCE 1
| #define _GNU_SOURCE 1
| #define _POSIX_PTHREAD_SEMANTICS 1
| #define _TANDEM_SOURCE 1
| #define HAVE_DLFCN_H 1
| #define LT_OBJDIR ".libs/"
| #define HAVE_WARNING_CPP_DIRECTIVE 1
| #define HAVE_DIRENT_H 1
| #define STDC_HEADERS 1
| #define HAVE_FCNTL_H 1
| #define HAVE_STDLIB_H 1
| #define HAVE_STRING_H 1
| #define HAVE_UNISTD_H 1
| #define HAVE_SYS_STATVFS_H 1
| #define HAVE_SYS_PARAM_H 1
| #define HAVE_SYS_MOUNT_H 1
| #define FLEXIBLE_ARRAY_MEMBER /**/
| #define HAVE_VPRINTF 1
| #define HAVE_STDLIB_H 1
| #define HAVE_UNISTD_H 1
| #define HAVE_SYS_PARAM_H 1
| #define HAVE_GETPAGESIZE 1
| #define HAVE_MMAP 1
| #define HAVE_LINK 1
| #define HAVE_MKSTEMP 1
| #define HAVE_MKDTEMP 1
| #define HAVE_GETOPT 1
| #define HAVE_GETOPT_LONG 1
| #define HAVE_GETPROGNAME 1
| /* end confdefs.h.  */
| /* Define getexecname to an innocuous variant, in case <limits.h> declares getexecname.
|    For example, HP-UX 11i <limits.h> declares gettimeofday.  */
| #define getexecname innocuous_getexecname
| 
| /* System header to define __stub macros and hopefully few prototypes,
|     which can conflict with char getexecname (); below.
|     Prefer <limits.h> to <assert.h> if __STDC__ is defined, since
|     <limits.h> exists even on freestanding compilers.  */
| 
| #ifdef __STDC__
| # include <limits.h>
| #else
| # include <assert.h>
| #endif
| 
| #undef getexecname
| 
| /* Override any GCC internal prototype to avoid an error.
|    Use char because int might match the return type of a GCC
|    builtin and then its argument prototype would still apply.  */
| #ifdef __cplusplus
| extern "C"
| #endif
| char getexecname ();
| /* The GNU C library defines this for functions which it implements
|     to always fail with ENOSYS.  Some functions are actually named
|     something starting with __ and the normal name is an alias.  */
| #if defined __stub_getexecname || defined __stub___getexecname
| choke me
| #endif
| 
| int
| main ()
| {
| return getexecname ();
|   ;
|   return 0;
| }
configure:14018: result: no
configure:14018: checking for rand
configure:14018: gcc -o conftest -g -O2   conftest.c  >&5
configure:14018: $? = 0
configure:14018: result: yes
configure:14018: checking for random
configure:14018: gcc -o conftest -g -O2   conftest.c  >&5
configure:14018: $? = 0
configure:14018: result: yes
configure:14018: checking for lrand48
configure:14018: gcc -o conftest -g -O2   conftest.c  >&5
configure:14018: $? = 0
configure:14018: result: yes
configure:14018: checking for random_r
configure:14018: gcc -o conftest -g -O2   conftest.c  >&5
Undefined symbols for architecture x86_64:
  "_random_r", referenced from:
      _main in conftest-47ddae.o
ld: symbol(s) not found for architecture x86_64
clang: error: linker command failed with exit code 1 (use -v to see invocation)
configure:14018: $? = 1
configure: failed program was:
| /* confdefs.h */
| #define PACKAGE_NAME "fontconfig"
| #define PACKAGE_TARNAME "fontconfig"
| #define PACKAGE_VERSION "2.11.91"
| #define PACKAGE_STRING "fontconfig 2.11.91"
| #define PACKAGE_BUGREPORT "https://bugs.freedesktop.org/enter_bug.cgi?product=fontconfig"
| #define PACKAGE_URL ""
| #define PACKAGE "fontconfig"
| #define VERSION "2.11.91"
| #define STDC_HEADERS 1
| #define HAVE_SYS_TYPES_H 1
| #define HAVE_SYS_STAT_H 1
| #define HAVE_STDLIB_H 1
| #define HAVE_STRING_H 1
| #define HAVE_MEMORY_H 1
| #define HAVE_STRINGS_H 1
| #define HAVE_INTTYPES_H 1
| #define HAVE_STDINT_H 1
| #define HAVE_UNISTD_H 1
| #define __EXTENSIONS__ 1
| #define _ALL_SOURCE 1
| #define _GNU_SOURCE 1
| #define _POSIX_PTHREAD_SEMANTICS 1
| #define _TANDEM_SOURCE 1
| #define HAVE_DLFCN_H 1
| #define LT_OBJDIR ".libs/"
| #define HAVE_WARNING_CPP_DIRECTIVE 1
| #define HAVE_DIRENT_H 1
| #define STDC_HEADERS 1
| #define HAVE_FCNTL_H 1
| #define HAVE_STDLIB_H 1
| #define HAVE_STRING_H 1
| #define HAVE_UNISTD_H 1
| #define HAVE_SYS_STATVFS_H 1
| #define HAVE_SYS_PARAM_H 1
| #define HAVE_SYS_MOUNT_H 1
| #define FLEXIBLE_ARRAY_MEMBER /**/
| #define HAVE_VPRINTF 1
| #define HAVE_STDLIB_H 1
| #define HAVE_UNISTD_H 1
| #define HAVE_SYS_PARAM_H 1
| #define HAVE_GETPAGESIZE 1
| #define HAVE_MMAP 1
| #define HAVE_LINK 1
| #define HAVE_MKSTEMP 1
| #define HAVE_MKDTEMP 1
| #define HAVE_GETOPT 1
| #define HAVE_GETOPT_LONG 1
| #define HAVE_GETPROGNAME 1
| #define HAVE_RAND 1
| #define HAVE_RANDOM 1
| #define HAVE_LRAND48 1
| /* end confdefs.h.  */
| /* Define random_r to an innocuous variant, in case <limits.h> declares random_r.
|    For example, HP-UX 11i <limits.h> declares gettimeofday.  */
| #define random_r innocuous_random_r
| 
| /* System header to define __stub macros and hopefully few prototypes,
|     which can conflict with char random_r (); below.
|     Prefer <limits.h> to <assert.h> if __STDC__ is defined, since
|     <limits.h> exists even on freestanding compilers.  */
| 
| #ifdef __STDC__
| # include <limits.h>
| #else
| # include <assert.h>
| #endif
| 
| #undef random_r
| 
| /* Override any GCC internal prototype to avoid an error.
|    Use char because int might match the return type of a GCC
|    builtin and then its argument prototype would still apply.  */
| #ifdef __cplusplus
| extern "C"
| #endif
| char random_r ();
| /* The GNU C library defines this for functions which it implements
|     to always fail with ENOSYS.  Some functions are actually named
|     something starting with __ and the normal name is an alias.  */
| #if defined __stub_random_r || defined __stub___random_r
| choke me
| #endif
| 
| int
| main ()
| {
| return random_r ();
|   ;
|   return 0;
| }
configure:14018: result: no
configure:14018: checking for rand_r
configure:14018: gcc -o conftest -g -O2   conftest.c  >&5
configure:14018: $? = 0
configure:14018: result: yes
configure:14018: checking for readlink
configure:14018: gcc -o conftest -g -O2   conftest.c  >&5
configure:14018: $? = 0
configure:14018: result: yes
configure:14018: checking for fstatvfs
configure:14018: gcc -o conftest -g -O2   conftest.c  >&5
configure:14018: $? = 0
configure:14018: result: yes
configure:14018: checking for fstatfs
configure:14018: gcc -o conftest -g -O2   conftest.c  >&5
configure:14018: $? = 0
configure:14018: result: yes
configure:14018: checking for lstat
configure:14018: gcc -o conftest -g -O2   conftest.c  >&5
configure:14018: $? = 0
configure:14018: result: yes
configure:14028: checking for posix_fadvise in fcntl.h
configure:14058: result: no
configure:14071: checking for scandir
configure:14093: gcc -c -g -O2 -Wall -Wpointer-arith -Wstrict-prototypes 	-Wmissing-prototypes -Wmissing-declarations 	-Wnested-externs -fno-strict-aliasing -Werror  conftest.c >&5
configure:14093: $? = 0
configure:14095: result: yes
configure:14144: checking for struct statvfs.f_basetype
configure:14144: gcc -c -g -O2  conftest.c >&5
conftest.c:67:13: error: no member named 'f_basetype' in 'struct statvfs'
if (ac_aggr.f_basetype)
    ~~~~~~~ ^
1 error generated.
configure:14144: $? = 1
configure: failed program was:
| /* confdefs.h */
| #define PACKAGE_NAME "fontconfig"
| #define PACKAGE_TARNAME "fontconfig"
| #define PACKAGE_VERSION "2.11.91"
| #define PACKAGE_STRING "fontconfig 2.11.91"
| #define PACKAGE_BUGREPORT "https://bugs.freedesktop.org/enter_bug.cgi?product=fontconfig"
| #define PACKAGE_URL ""
| #define PACKAGE "fontconfig"
| #define VERSION "2.11.91"
| #define STDC_HEADERS 1
| #define HAVE_SYS_TYPES_H 1
| #define HAVE_SYS_STAT_H 1
| #define HAVE_STDLIB_H 1
| #define HAVE_STRING_H 1
| #define HAVE_MEMORY_H 1
| #define HAVE_STRINGS_H 1
| #define HAVE_INTTYPES_H 1
| #define HAVE_STDINT_H 1
| #define HAVE_UNISTD_H 1
| #define __EXTENSIONS__ 1
| #define _ALL_SOURCE 1
| #define _GNU_SOURCE 1
| #define _POSIX_PTHREAD_SEMANTICS 1
| #define _TANDEM_SOURCE 1
| #define HAVE_DLFCN_H 1
| #define LT_OBJDIR ".libs/"
| #define HAVE_WARNING_CPP_DIRECTIVE 1
| #define HAVE_DIRENT_H 1
| #define STDC_HEADERS 1
| #define HAVE_FCNTL_H 1
| #define HAVE_STDLIB_H 1
| #define HAVE_STRING_H 1
| #define HAVE_UNISTD_H 1
| #define HAVE_SYS_STATVFS_H 1
| #define HAVE_SYS_PARAM_H 1
| #define HAVE_SYS_MOUNT_H 1
| #define FLEXIBLE_ARRAY_MEMBER /**/
| #define HAVE_VPRINTF 1
| #define HAVE_STDLIB_H 1
| #define HAVE_UNISTD_H 1
| #define HAVE_SYS_PARAM_H 1
| #define HAVE_GETPAGESIZE 1
| #define HAVE_MMAP 1
| #define HAVE_LINK 1
| #define HAVE_MKSTEMP 1
| #define HAVE_MKDTEMP 1
| #define HAVE_GETOPT 1
| #define HAVE_GETOPT_LONG 1
| #define HAVE_GETPROGNAME 1
| #define HAVE_RAND 1
| #define HAVE_RANDOM 1
| #define HAVE_LRAND48 1
| #define HAVE_RAND_R 1
| #define HAVE_READLINK 1
| #define HAVE_FSTATVFS 1
| #define HAVE_FSTATFS 1
| #define HAVE_LSTAT 1
| #define HAVE_POSIX_FADVISE 0
| #define HAVE_SCANDIR 1
| /* end confdefs.h.  */
| #include <sys/statvfs.h>
| 
| int
| main ()
| {
| static struct statvfs ac_aggr;
| if (ac_aggr.f_basetype)
| return 0;
|   ;
|   return 0;
| }
configure:14144: gcc -c -g -O2  conftest.c >&5
conftest.c:67:20: error: no member named 'f_basetype' in 'struct statvfs'
if (sizeof ac_aggr.f_basetype)
           ~~~~~~~ ^
1 error generated.
configure:14144: $? = 1
configure: failed program was:
| /* confdefs.h */
| #define PACKAGE_NAME "fontconfig"
| #define PACKAGE_TARNAME "fontconfig"
| #define PACKAGE_VERSION "2.11.91"
| #define PACKAGE_STRING "fontconfig 2.11.91"
| #define PACKAGE_BUGREPORT "https://bugs.freedesktop.org/enter_bug.cgi?product=fontconfig"
| #define PACKAGE_URL ""
| #define PACKAGE "fontconfig"
| #define VERSION "2.11.91"
| #define STDC_HEADERS 1
| #define HAVE_SYS_TYPES_H 1
| #define HAVE_SYS_STAT_H 1
| #define HAVE_STDLIB_H 1
| #define HAVE_STRING_H 1
| #define HAVE_MEMORY_H 1
| #define HAVE_STRINGS_H 1
| #define HAVE_INTTYPES_H 1
| #define HAVE_STDINT_H 1
| #define HAVE_UNISTD_H 1
| #define __EXTENSIONS__ 1
| #define _ALL_SOURCE 1
| #define _GNU_SOURCE 1
| #define _POSIX_PTHREAD_SEMANTICS 1
| #define _TANDEM_SOURCE 1
| #define HAVE_DLFCN_H 1
| #define LT_OBJDIR ".libs/"
| #define HAVE_WARNING_CPP_DIRECTIVE 1
| #define HAVE_DIRENT_H 1
| #define STDC_HEADERS 1
| #define HAVE_FCNTL_H 1
| #define HAVE_STDLIB_H 1
| #define HAVE_STRING_H 1
| #define HAVE_UNISTD_H 1
| #define HAVE_SYS_STATVFS_H 1
| #define HAVE_SYS_PARAM_H 1
| #define HAVE_SYS_MOUNT_H 1
| #define FLEXIBLE_ARRAY_MEMBER /**/
| #define HAVE_VPRINTF 1
| #define HAVE_STDLIB_H 1
| #define HAVE_UNISTD_H 1
| #define HAVE_SYS_PARAM_H 1
| #define HAVE_GETPAGESIZE 1
| #define HAVE_MMAP 1
| #define HAVE_LINK 1
| #define HAVE_MKSTEMP 1
| #define HAVE_MKDTEMP 1
| #define HAVE_GETOPT 1
| #define HAVE_GETOPT_LONG 1
| #define HAVE_GETPROGNAME 1
| #define HAVE_RAND 1
| #define HAVE_RANDOM 1
| #define HAVE_LRAND48 1
| #define HAVE_RAND_R 1
| #define HAVE_READLINK 1
| #define HAVE_FSTATVFS 1
| #define HAVE_FSTATFS 1
| #define HAVE_LSTAT 1
| #define HAVE_POSIX_FADVISE 0
| #define HAVE_SCANDIR 1
| /* end confdefs.h.  */
| #include <sys/statvfs.h>
| 
| int
| main ()
| {
| static struct statvfs ac_aggr;
| if (sizeof ac_aggr.f_basetype)
| return 0;
|   ;
|   return 0;
| }
configure:14144: result: no
configure:14154: checking for struct statvfs.f_fstypename
configure:14154: gcc -c -g -O2  conftest.c >&5
conftest.c:67:13: error: no member named 'f_fstypename' in 'struct statvfs'
if (ac_aggr.f_fstypename)
    ~~~~~~~ ^
1 error generated.
configure:14154: $? = 1
configure: failed program was:
| /* confdefs.h */
| #define PACKAGE_NAME "fontconfig"
| #define PACKAGE_TARNAME "fontconfig"
| #define PACKAGE_VERSION "2.11.91"
| #define PACKAGE_STRING "fontconfig 2.11.91"
| #define PACKAGE_BUGREPORT "https://bugs.freedesktop.org/enter_bug.cgi?product=fontconfig"
| #define PACKAGE_URL ""
| #define PACKAGE "fontconfig"
| #define VERSION "2.11.91"
| #define STDC_HEADERS 1
| #define HAVE_SYS_TYPES_H 1
| #define HAVE_SYS_STAT_H 1
| #define HAVE_STDLIB_H 1
| #define HAVE_STRING_H 1
| #define HAVE_MEMORY_H 1
| #define HAVE_STRINGS_H 1
| #define HAVE_INTTYPES_H 1
| #define HAVE_STDINT_H 1
| #define HAVE_UNISTD_H 1
| #define __EXTENSIONS__ 1
| #define _ALL_SOURCE 1
| #define _GNU_SOURCE 1
| #define _POSIX_PTHREAD_SEMANTICS 1
| #define _TANDEM_SOURCE 1
| #define HAVE_DLFCN_H 1
| #define LT_OBJDIR ".libs/"
| #define HAVE_WARNING_CPP_DIRECTIVE 1
| #define HAVE_DIRENT_H 1
| #define STDC_HEADERS 1
| #define HAVE_FCNTL_H 1
| #define HAVE_STDLIB_H 1
| #define HAVE_STRING_H 1
| #define HAVE_UNISTD_H 1
| #define HAVE_SYS_STATVFS_H 1
| #define HAVE_SYS_PARAM_H 1
| #define HAVE_SYS_MOUNT_H 1
| #define FLEXIBLE_ARRAY_MEMBER /**/
| #define HAVE_VPRINTF 1
| #define HAVE_STDLIB_H 1
| #define HAVE_UNISTD_H 1
| #define HAVE_SYS_PARAM_H 1
| #define HAVE_GETPAGESIZE 1
| #define HAVE_MMAP 1
| #define HAVE_LINK 1
| #define HAVE_MKSTEMP 1
| #define HAVE_MKDTEMP 1
| #define HAVE_GETOPT 1
| #define HAVE_GETOPT_LONG 1
| #define HAVE_GETPROGNAME 1
| #define HAVE_RAND 1
| #define HAVE_RANDOM 1
| #define HAVE_LRAND48 1
| #define HAVE_RAND_R 1
| #define HAVE_READLINK 1
| #define HAVE_FSTATVFS 1
| #define HAVE_FSTATFS 1
| #define HAVE_LSTAT 1
| #define HAVE_POSIX_FADVISE 0
| #define HAVE_SCANDIR 1
| /* end confdefs.h.  */
| #include <sys/statvfs.h>
| 
| int
| main ()
| {
| static struct statvfs ac_aggr;
| if (ac_aggr.f_fstypename)
| return 0;
|   ;
|   return 0;
| }
configure:14154: gcc -c -g -O2  conftest.c >&5
conftest.c:67:20: error: no member named 'f_fstypename' in 'struct statvfs'
if (sizeof ac_aggr.f_fstypename)
           ~~~~~~~ ^
1 error generated.
configure:14154: $? = 1
configure: failed program was:
| /* confdefs.h */
| #define PACKAGE_NAME "fontconfig"
| #define PACKAGE_TARNAME "fontconfig"
| #define PACKAGE_VERSION "2.11.91"
| #define PACKAGE_STRING "fontconfig 2.11.91"
| #define PACKAGE_BUGREPORT "https://bugs.freedesktop.org/enter_bug.cgi?product=fontconfig"
| #define PACKAGE_URL ""
| #define PACKAGE "fontconfig"
| #define VERSION "2.11.91"
| #define STDC_HEADERS 1
| #define HAVE_SYS_TYPES_H 1
| #define HAVE_SYS_STAT_H 1
| #define HAVE_STDLIB_H 1
| #define HAVE_STRING_H 1
| #define HAVE_MEMORY_H 1
| #define HAVE_STRINGS_H 1
| #define HAVE_INTTYPES_H 1
| #define HAVE_STDINT_H 1
| #define HAVE_UNISTD_H 1
| #define __EXTENSIONS__ 1
| #define _ALL_SOURCE 1
| #define _GNU_SOURCE 1
| #define _POSIX_PTHREAD_SEMANTICS 1
| #define _TANDEM_SOURCE 1
| #define HAVE_DLFCN_H 1
| #define LT_OBJDIR ".libs/"
| #define HAVE_WARNING_CPP_DIRECTIVE 1
| #define HAVE_DIRENT_H 1
| #define STDC_HEADERS 1
| #define HAVE_FCNTL_H 1
| #define HAVE_STDLIB_H 1
| #define HAVE_STRING_H 1
| #define HAVE_UNISTD_H 1
| #define HAVE_SYS_STATVFS_H 1
| #define HAVE_SYS_PARAM_H 1
| #define HAVE_SYS_MOUNT_H 1
| #define FLEXIBLE_ARRAY_MEMBER /**/
| #define HAVE_VPRINTF 1
| #define HAVE_STDLIB_H 1
| #define HAVE_UNISTD_H 1
| #define HAVE_SYS_PARAM_H 1
| #define HAVE_GETPAGESIZE 1
| #define HAVE_MMAP 1
| #define HAVE_LINK 1
| #define HAVE_MKSTEMP 1
| #define HAVE_MKDTEMP 1
| #define HAVE_GETOPT 1
| #define HAVE_GETOPT_LONG 1
| #define HAVE_GETPROGNAME 1
| #define HAVE_RAND 1
| #define HAVE_RANDOM 1
| #define HAVE_LRAND48 1
| #define HAVE_RAND_R 1
| #define HAVE_READLINK 1
| #define HAVE_FSTATVFS 1
| #define HAVE_FSTATFS 1
| #define HAVE_LSTAT 1
| #define HAVE_POSIX_FADVISE 0
| #define HAVE_SCANDIR 1
| /* end confdefs.h.  */
| #include <sys/statvfs.h>
| 
| int
| main ()
| {
| static struct statvfs ac_aggr;
| if (sizeof ac_aggr.f_fstypename)
| return 0;
|   ;
|   return 0;
| }
configure:14154: result: no
configure:14167: checking for struct statfs.f_flags
configure:14167: gcc -c -g -O2  conftest.c >&5
configure:14167: $? = 0
configure:14167: result: yes
configure:14189: checking for struct statfs.f_fstypename
configure:14189: gcc -c -g -O2  conftest.c >&5
configure:14189: $? = 0
configure:14189: result: yes
configure:14213: checking for struct dirent.d_type
configure:14213: gcc -c -g -O2  conftest.c >&5
configure:14213: $? = 0
configure:14213: result: yes
configure:14358: checking for FREETYPE
configure:14365: $PKG_CONFIG --exists --print-errors "freetype2"
configure:14368: $? = 0
configure:14382: $PKG_CONFIG --exists --print-errors "freetype2"
configure:14385: $? = 0
configure:14443: result: yes
configure:14459: checking for FT_Get_Next_Char
configure:14459: gcc -o conftest -g -O2 -I/usr/local/Cellar/freetype/2.5.4/include/freetype2    conftest.c  -L/usr/local/Cellar/freetype/2.5.4/lib -lfreetype  >&5
configure:14459: $? = 0
configure:14459: result: yes
configure:14459: checking for FT_Get_BDF_Property
configure:14459: gcc -o conftest -g -O2 -I/usr/local/Cellar/freetype/2.5.4/include/freetype2    conftest.c  -L/usr/local/Cellar/freetype/2.5.4/lib -lfreetype  >&5
configure:14459: $? = 0
configure:14459: result: yes
configure:14459: checking for FT_Get_PS_Font_Info
configure:14459: gcc -o conftest -g -O2 -I/usr/local/Cellar/freetype/2.5.4/include/freetype2    conftest.c  -L/usr/local/Cellar/freetype/2.5.4/lib -lfreetype  >&5
configure:14459: $? = 0
configure:14459: result: yes
configure:14459: checking for FT_Has_PS_Glyph_Names
configure:14459: gcc -o conftest -g -O2 -I/usr/local/Cellar/freetype/2.5.4/include/freetype2    conftest.c  -L/usr/local/Cellar/freetype/2.5.4/lib -lfreetype  >&5
configure:14459: $? = 0
configure:14459: result: yes
configure:14459: checking for FT_Get_X11_Font_Format
configure:14459: gcc -o conftest -g -O2 -I/usr/local/Cellar/freetype/2.5.4/include/freetype2    conftest.c  -L/usr/local/Cellar/freetype/2.5.4/lib -lfreetype  >&5
configure:14459: $? = 0
configure:14459: result: yes
configure:14459: checking for FT_Select_Size
configure:14459: gcc -o conftest -g -O2 -I/usr/local/Cellar/freetype/2.5.4/include/freetype2    conftest.c  -L/usr/local/Cellar/freetype/2.5.4/lib -lfreetype  >&5
configure:14459: $? = 0
configure:14459: result: yes
configure:14468: checking for FT_Bitmap_Size.y_ppem
configure:14468: gcc -c -g -O2 -I/usr/local/Cellar/freetype/2.5.4/include/freetype2   conftest.c >&5
configure:14468: $? = 0
configure:14468: result: yes
configure:14482: checking for TT_OS2.usLowerOpticalPointSize
configure:14482: gcc -c -g -O2 -I/usr/local/Cellar/freetype/2.5.4/include/freetype2   conftest.c >&5
configure:14482: $? = 0
configure:14482: result: yes
configure:14495: checking for TT_OS2.usUpperOpticalPointSize
configure:14495: gcc -c -g -O2 -I/usr/local/Cellar/freetype/2.5.4/include/freetype2   conftest.c >&5
configure:14495: $? = 0
configure:14495: result: yes
configure:14545: checking for EXPAT
configure:14552: $PKG_CONFIG --exists --print-errors "expat"
Package expat was not found in the pkg-config search path.
Perhaps you should add the directory containing `expat.pc'
to the PKG_CONFIG_PATH environment variable
No package 'expat' found
configure:14555: $? = 1
configure:14569: $PKG_CONFIG --exists --print-errors "expat"
Package expat was not found in the pkg-config search path.
Perhaps you should add the directory containing `expat.pc'
to the PKG_CONFIG_PATH environment variable
No package 'expat' found
configure:14572: $? = 1
configure:14586: result: no
No package 'expat' found
configure:14641: checking expat.h usability
configure:14641: gcc -c -g -O2   conftest.c >&5
configure:14641: $? = 0
configure:14641: result: yes
configure:14641: checking expat.h presence
configure:14641: gcc -E   conftest.c
configure:14641: $? = 0
configure:14641: result: yes
configure:14641: checking for expat.h
configure:14641: result: yes
configure:14669: checking for XML_SetDoctypeDeclHandler
configure:14669: gcc -o conftest -g -O2    conftest.c  -lexpat >&5
configure:14669: $? = 0
configure:14669: result: yes
configure:15047: checking for Intel atomic primitives
configure:15070: gcc -o conftest -g -O2   conftest.c  >&5
configure:15070: $? = 0
configure:15078: result: true
configure:15086: checking for Solaris atomic operations
configure:15111: gcc -o conftest -g -O2   conftest.c  >&5
conftest.c:79:12: fatal error: 'atomic.h' file not found
                #include <atomic.h>
                         ^
1 error generated.
configure:15111: $? = 1
configure: failed program was:
| /* confdefs.h */
| #define PACKAGE_NAME "fontconfig"
| #define PACKAGE_TARNAME "fontconfig"
| #define PACKAGE_VERSION "2.11.91"
| #define PACKAGE_STRING "fontconfig 2.11.91"
| #define PACKAGE_BUGREPORT "https://bugs.freedesktop.org/enter_bug.cgi?product=fontconfig"
| #define PACKAGE_URL ""
| #define PACKAGE "fontconfig"
| #define VERSION "2.11.91"
| #define STDC_HEADERS 1
| #define HAVE_SYS_TYPES_H 1
| #define HAVE_SYS_STAT_H 1
| #define HAVE_STDLIB_H 1
| #define HAVE_STRING_H 1
| #define HAVE_MEMORY_H 1
| #define HAVE_STRINGS_H 1
| #define HAVE_INTTYPES_H 1
| #define HAVE_STDINT_H 1
| #define HAVE_UNISTD_H 1
| #define __EXTENSIONS__ 1
| #define _ALL_SOURCE 1
| #define _GNU_SOURCE 1
| #define _POSIX_PTHREAD_SEMANTICS 1
| #define _TANDEM_SOURCE 1
| #define HAVE_DLFCN_H 1
| #define LT_OBJDIR ".libs/"
| #define HAVE_WARNING_CPP_DIRECTIVE 1
| #define HAVE_DIRENT_H 1
| #define STDC_HEADERS 1
| #define HAVE_FCNTL_H 1
| #define HAVE_STDLIB_H 1
| #define HAVE_STRING_H 1
| #define HAVE_UNISTD_H 1
| #define HAVE_SYS_STATVFS_H 1
| #define HAVE_SYS_PARAM_H 1
| #define HAVE_SYS_MOUNT_H 1
| #define FLEXIBLE_ARRAY_MEMBER /**/
| #define HAVE_VPRINTF 1
| #define HAVE_STDLIB_H 1
| #define HAVE_UNISTD_H 1
| #define HAVE_SYS_PARAM_H 1
| #define HAVE_GETPAGESIZE 1
| #define HAVE_MMAP 1
| #define HAVE_LINK 1
| #define HAVE_MKSTEMP 1
| #define HAVE_MKDTEMP 1
| #define HAVE_GETOPT 1
| #define HAVE_GETOPT_LONG 1
| #define HAVE_GETPROGNAME 1
| #define HAVE_RAND 1
| #define HAVE_RANDOM 1
| #define HAVE_LRAND48 1
| #define HAVE_RAND_R 1
| #define HAVE_READLINK 1
| #define HAVE_FSTATVFS 1
| #define HAVE_FSTATFS 1
| #define HAVE_LSTAT 1
| #define HAVE_POSIX_FADVISE 0
| #define HAVE_SCANDIR 1
| #define HAVE_STRUCT_STATFS_F_FLAGS 1
| #define HAVE_STRUCT_STATFS_F_FSTYPENAME 1
| #define HAVE_STRUCT_DIRENT_D_TYPE 1
| #define USE_ICONV 0
| #define HAVE_FT_GET_NEXT_CHAR 1
| #define HAVE_FT_GET_BDF_PROPERTY 1
| #define HAVE_FT_GET_PS_FONT_INFO 1
| #define HAVE_FT_HAS_PS_GLYPH_NAMES 1
| #define HAVE_FT_GET_X11_FONT_FORMAT 1
| #define HAVE_FT_SELECT_SIZE 1
| #define HAVE_FT_BITMAP_SIZE_Y_PPEM 1
| #define HAVE_TT_OS2_USLOWEROPTICALPOINTSIZE 1
| #define HAVE_TT_OS2_USUPPEROPTICALPOINTSIZE 1
| #define HAVE_XML_SETDOCTYPEDECLHANDLER 1
| #define FC_DEFAULT_FONTS "/usr/share/fonts"
| #define FC_ADD_FONTS "yes"
| #define HAVE_INTEL_ATOMIC_PRIMITIVES 1
| /* end confdefs.h.  */
| 
| 		#include <atomic.h>
| 		/* This requires Solaris Studio 12.2 or newer: */
| 		#include <mbarrier.h>
| 		void memory_barrier (void) { __machine_rw_barrier (); }
| 		int atomic_add (volatile unsigned *i) { return atomic_add_int_nv (i, 1); }
| 		void *atomic_ptr_cmpxchg (volatile void **target, void *cmp, void *newval) { return atomic_cas_ptr (target, cmp, newval); }
| 
| int
| main ()
| {
| 
|   ;
|   return 0;
| }
configure:15119: result: false
configure:15319: checking if compiler needs -Werror to reject unknown flags
configure:15335: gcc -c -g -O2 -Werror -Wunknown-warning-option -Wsizeof-array-argument  conftest.c >&5
configure:15335: $? = 0
configure:15336: result: yes
configure:15356: checking whether pthreads work with -pthread
configure:15444: gcc -o conftest -g -O2 -pthread -Werror   conftest.c   >&5
configure:15444: $? = 0
configure:15453: result: yes
configure:15472: checking for joinable pthread attribute
configure:15487: gcc -o conftest -g -O2 -pthread   conftest.c   >&5
configure:15487: $? = 0
configure:15493: result: PTHREAD_CREATE_JOINABLE
configure:15503: checking if more special flags are required for pthreads
configure:15518: result: -D_THREAD_SAFE
configure:15524: checking for PTHREAD_PRIO_INHERIT
configure:15541: gcc -o conftest -g -O2 -pthread   conftest.c   >&5
configure:15541: $? = 0
configure:15550: result: yes
configure:15673: checking for docbook2html
configure:15701: result: no
configure:15763: checking whether byte ordering is bigendian
configure:15778: gcc -c -g -O2 -D_THREAD_SAFE -pthread  conftest.c >&5
configure:15778: $? = 0
configure:15823: gcc -c -g -O2 -D_THREAD_SAFE -pthread  conftest.c >&5
configure:15823: $? = 0
configure:15841: gcc -c -g -O2 -D_THREAD_SAFE -pthread  conftest.c >&5
conftest.c:87:4: error: use of undeclared identifier 'not'
                 not big endian
                 ^
1 error generated.
configure:15841: $? = 1
configure: failed program was:
| /* confdefs.h */
| #define PACKAGE_NAME "fontconfig"
| #define PACKAGE_TARNAME "fontconfig"
| #define PACKAGE_VERSION "2.11.91"
| #define PACKAGE_STRING "fontconfig 2.11.91"
| #define PACKAGE_BUGREPORT "https://bugs.freedesktop.org/enter_bug.cgi?product=fontconfig"
| #define PACKAGE_URL ""
| #define PACKAGE "fontconfig"
| #define VERSION "2.11.91"
| #define STDC_HEADERS 1
| #define HAVE_SYS_TYPES_H 1
| #define HAVE_SYS_STAT_H 1
| #define HAVE_STDLIB_H 1
| #define HAVE_STRING_H 1
| #define HAVE_MEMORY_H 1
| #define HAVE_STRINGS_H 1
| #define HAVE_INTTYPES_H 1
| #define HAVE_STDINT_H 1
| #define HAVE_UNISTD_H 1
| #define __EXTENSIONS__ 1
| #define _ALL_SOURCE 1
| #define _GNU_SOURCE 1
| #define _POSIX_PTHREAD_SEMANTICS 1
| #define _TANDEM_SOURCE 1
| #define HAVE_DLFCN_H 1
| #define LT_OBJDIR ".libs/"
| #define HAVE_WARNING_CPP_DIRECTIVE 1
| #define HAVE_DIRENT_H 1
| #define STDC_HEADERS 1
| #define HAVE_FCNTL_H 1
| #define HAVE_STDLIB_H 1
| #define HAVE_STRING_H 1
| #define HAVE_UNISTD_H 1
| #define HAVE_SYS_STATVFS_H 1
| #define HAVE_SYS_PARAM_H 1
| #define HAVE_SYS_MOUNT_H 1
| #define FLEXIBLE_ARRAY_MEMBER /**/
| #define HAVE_VPRINTF 1
| #define HAVE_STDLIB_H 1
| #define HAVE_UNISTD_H 1
| #define HAVE_SYS_PARAM_H 1
| #define HAVE_GETPAGESIZE 1
| #define HAVE_MMAP 1
| #define HAVE_LINK 1
| #define HAVE_MKSTEMP 1
| #define HAVE_MKDTEMP 1
| #define HAVE_GETOPT 1
| #define HAVE_GETOPT_LONG 1
| #define HAVE_GETPROGNAME 1
| #define HAVE_RAND 1
| #define HAVE_RANDOM 1
| #define HAVE_LRAND48 1
| #define HAVE_RAND_R 1
| #define HAVE_READLINK 1
| #define HAVE_FSTATVFS 1
| #define HAVE_FSTATFS 1
| #define HAVE_LSTAT 1
| #define HAVE_POSIX_FADVISE 0
| #define HAVE_SCANDIR 1
| #define HAVE_STRUCT_STATFS_F_FLAGS 1
| #define HAVE_STRUCT_STATFS_F_FSTYPENAME 1
| #define HAVE_STRUCT_DIRENT_D_TYPE 1
| #define USE_ICONV 0
| #define HAVE_FT_GET_NEXT_CHAR 1
| #define HAVE_FT_GET_BDF_PROPERTY 1
| #define HAVE_FT_GET_PS_FONT_INFO 1
| #define HAVE_FT_HAS_PS_GLYPH_NAMES 1
| #define HAVE_FT_GET_X11_FONT_FORMAT 1
| #define HAVE_FT_SELECT_SIZE 1
| #define HAVE_FT_BITMAP_SIZE_Y_PPEM 1
| #define HAVE_TT_OS2_USLOWEROPTICALPOINTSIZE 1
| #define HAVE_TT_OS2_USUPPEROPTICALPOINTSIZE 1
| #define HAVE_XML_SETDOCTYPEDECLHANDLER 1
| #define FC_DEFAULT_FONTS "/usr/share/fonts"
| #define FC_ADD_FONTS "yes"
| #define HAVE_INTEL_ATOMIC_PRIMITIVES 1
| #define HAVE_PTHREAD_PRIO_INHERIT 1
| #define HAVE_PTHREAD 1
| /* end confdefs.h.  */
| #include <sys/types.h>
| 		#include <sys/param.h>
| 
| int
| main ()
| {
| #if BYTE_ORDER != BIG_ENDIAN
| 		 not big endian
| 		#endif
| 
|   ;
|   return 0;
| }
configure:15969: result: no
configure:15991: checking size of void *
configure:15996: gcc -o conftest -g -O2 -D_THREAD_SAFE -pthread   conftest.c   >&5
configure:15996: $? = 0
configure:15996: ./conftest
configure:15996: $? = 0
configure:16010: result: 8
configure:16022: checking alignment of double
configure:16027: gcc -o conftest -g -O2 -D_THREAD_SAFE -pthread   conftest.c   >&5
configure:16027: $? = 0
configure:16027: ./conftest
configure:16027: $? = 0
configure:16045: result: 8
configure:16172: checking that generated files are newer than configure
configure:16178: result: done
configure:16230: creating ./config.status

## ---------------------- ##
## Running config.status. ##
## ---------------------- ##

This file was extended by fontconfig config.status 2.11.91, which was
generated by GNU Autoconf 2.69.  Invocation command line was

  CONFIG_FILES    = 
  CONFIG_HEADERS  = 
  CONFIG_LINKS    = 
  CONFIG_COMMANDS = 
  $ ./config.status 

on MBP-de-Carlos-2

config.status:1257: creating Makefile
config.status:1257: creating fontconfig/Makefile
config.status:1257: creating fc-lang/Makefile
config.status:1257: creating fc-glyphname/Makefile
config.status:1257: creating fc-case/Makefile
config.status:1257: creating src/Makefile
config.status:1257: creating conf.d/Makefile
config.status:1257: creating fc-cache/Makefile
config.status:1257: creating fc-cat/Makefile
config.status:1257: creating fc-list/Makefile
config.status:1257: creating fc-match/Makefile
config.status:1257: creating fc-pattern/Makefile
config.status:1257: creating fc-query/Makefile
config.status:1257: creating fc-scan/Makefile
config.status:1257: creating fc-validate/Makefile
config.status:1257: creating doc/Makefile
config.status:1257: creating doc/version.sgml
config.status:1257: creating test/Makefile
config.status:1257: creating fontconfig.spec
config.status:1257: creating fontconfig.pc
config.status:1257: creating fontconfig-zip
config.status:1257: creating config.h
config.status:1486: executing depfiles commands
config.status:1486: executing libtool commands
config.status:1486: executing src/fcstdint.h commands
config.status:2220: creating src/fcstdint.h : _FONTCONFIG_SRC_FCSTDINT_H

## ---------------- ##
## Cache variables. ##
## ---------------- ##

ac_cv_alignof_double=8
ac_cv_build=x86_64-apple-darwin14.0.0
ac_cv_c_bigendian=no
ac_cv_c_compiler_gnu=yes
ac_cv_c_const=yes
ac_cv_c_flexmember=yes
ac_cv_c_inline=inline
ac_cv_env_CC_FOR_BUILD_set=
ac_cv_env_CC_FOR_BUILD_value=
ac_cv_env_CC_set=
ac_cv_env_CC_value=
ac_cv_env_CFLAGS_set=
ac_cv_env_CFLAGS_value=
ac_cv_env_CPPFLAGS_set=
ac_cv_env_CPPFLAGS_value=
ac_cv_env_CPP_set=
ac_cv_env_CPP_value=
ac_cv_env_EXPAT_CFLAGS_set=
ac_cv_env_EXPAT_CFLAGS_value=
ac_cv_env_EXPAT_LIBS_set=
ac_cv_env_EXPAT_LIBS_value=
ac_cv_env_FREETYPE_CFLAGS_set=
ac_cv_env_FREETYPE_CFLAGS_value=
ac_cv_env_FREETYPE_LIBS_set=
ac_cv_env_FREETYPE_LIBS_value=
ac_cv_env_LDFLAGS_set=
ac_cv_env_LDFLAGS_value=
ac_cv_env_LIBS_set=
ac_cv_env_LIBS_value=
ac_cv_env_LIBXML2_CFLAGS_set=
ac_cv_env_LIBXML2_CFLAGS_value=
ac_cv_env_LIBXML2_LIBS_set=
ac_cv_env_LIBXML2_LIBS_value=
ac_cv_env_PKG_CONFIG_LIBDIR_set=
ac_cv_env_PKG_CONFIG_LIBDIR_value=
ac_cv_env_PKG_CONFIG_PATH_set=
ac_cv_env_PKG_CONFIG_PATH_value=
ac_cv_env_PKG_CONFIG_set=
ac_cv_env_PKG_CONFIG_value=
ac_cv_env_build_alias_set=
ac_cv_env_build_alias_value=
ac_cv_env_host_alias_set=
ac_cv_env_host_alias_value=
ac_cv_env_target_alias_set=
ac_cv_env_target_alias_value=
ac_cv_func_FT_Get_BDF_Property=yes
ac_cv_func_FT_Get_Next_Char=yes
ac_cv_func_FT_Get_PS_Font_Info=yes
ac_cv_func_FT_Get_X11_Font_Format=yes
ac_cv_func_FT_Has_PS_Glyph_Names=yes
ac_cv_func_FT_Select_Size=yes
ac_cv_func_XML_SetDoctypeDeclHandler=yes
ac_cv_func__doprnt=no
ac_cv_func__mktemp_s=no
ac_cv_func_fstatfs=yes
ac_cv_func_fstatvfs=yes
ac_cv_func_getexecname=no
ac_cv_func_getopt=yes
ac_cv_func_getopt_long=yes
ac_cv_func_getpagesize=yes
ac_cv_func_getprogname=yes
ac_cv_func_link=yes
ac_cv_func_lrand48=yes
ac_cv_func_lstat=yes
ac_cv_func_mkdtemp=yes
ac_cv_func_mkostemp=no
ac_cv_func_mkstemp=yes
ac_cv_func_mmap_fixed_mapped=yes
ac_cv_func_rand=yes
ac_cv_func_rand_r=yes
ac_cv_func_random=yes
ac_cv_func_random_r=no
ac_cv_func_readlink=yes
ac_cv_func_vprintf=yes
ac_cv_header_dirent_dirent_h=yes
ac_cv_header_dlfcn_h=yes
ac_cv_header_expat_h=yes
ac_cv_header_fcntl_h=yes
ac_cv_header_inttypes_h=yes
ac_cv_header_memory_h=yes
ac_cv_header_minix_config_h=no
ac_cv_header_stdc=yes
ac_cv_header_stdint=stdint.h
ac_cv_header_stdint_h=yes
ac_cv_header_stdint_t=stdint.h
ac_cv_header_stdlib_h=yes
ac_cv_header_string_h=yes
ac_cv_header_strings_h=yes
ac_cv_header_sys_mount_h=yes
ac_cv_header_sys_param_h=yes
ac_cv_header_sys_stat_h=yes
ac_cv_header_sys_statfs_h=no
ac_cv_header_sys_statvfs_h=yes
ac_cv_header_sys_types_h=yes
ac_cv_header_sys_vfs_h=no
ac_cv_header_unistd_h=yes
ac_cv_host=x86_64-apple-darwin14.0.0
ac_cv_member_FT_Bitmap_Size_y_ppem=yes
ac_cv_member_TT_OS2_usLowerOpticalPointSize=yes
ac_cv_member_TT_OS2_usUpperOpticalPointSize=yes
ac_cv_member_struct_dirent_d_type=yes
ac_cv_member_struct_statfs_f_flags=yes
ac_cv_member_struct_statfs_f_fstypename=yes
ac_cv_member_struct_statvfs_f_basetype=no
ac_cv_member_struct_statvfs_f_fstypename=no
ac_cv_objext=o
ac_cv_path_EGREP='/usr/bin/grep -E'
ac_cv_path_FGREP='/usr/bin/grep -F'
ac_cv_path_GREP=/usr/bin/grep
ac_cv_path_SED=/usr/local/bin/gsed
ac_cv_path_ac_pt_PKG_CONFIG=/usr/local/bin/pkg-config
ac_cv_path_install='/usr/bin/install -c'
ac_cv_path_mkdir=/usr/local/bin/gmkdir
ac_cv_prog_AWK=gawk
ac_cv_prog_CPP='gcc -E'
ac_cv_prog_HASDOCBOOK=no
ac_cv_prog_ac_ct_AR=ar
ac_cv_prog_ac_ct_CC=gcc
ac_cv_prog_ac_ct_DSYMUTIL=dsymutil
ac_cv_prog_ac_ct_LIPO=lipo
ac_cv_prog_ac_ct_NMEDIT=nmedit
ac_cv_prog_ac_ct_OTOOL=otool
ac_cv_prog_ac_ct_RANLIB=ranlib
ac_cv_prog_ac_ct_STRIP=strip
ac_cv_prog_cc_c89=
ac_cv_prog_cc_g=yes
ac_cv_prog_make_make_set=yes
ac_cv_safe_to_define___extensions__=yes
ac_cv_search_opendir='none required'
ac_cv_sizeof_void_p=8
ac_cv_stdint_message='using gnu compiler Apple LLVM version 6.0 (clang-600.0.56) (based on LLVM 3.5svn)'
ac_cv_stdint_result='(assuming C99 compatible system)'
ac_cv_sys_file_offset_bits=no
ac_cv_sys_largefile_CC=no
ac_cv_type_pid_t=yes
am_cv_CC_dependencies_compiler_type=gcc3
am_cv_make_support_nested_variables=yes
am_cv_prog_cc_c_o=yes
ax_cv_PTHREAD_PRIO_INHERIT=yes
fc_cv_have_intel_atomic_primitives=true
fc_cv_have_solaris_atomic_ops=false
lt_cv_apple_cc_single_mod=yes
lt_cv_ar_at_file=no
lt_cv_deplibs_check_method=pass_all
lt_cv_file_magic_cmd='$MAGIC_CMD'
lt_cv_file_magic_test_file=
lt_cv_ld_exported_symbols_list=yes
lt_cv_ld_force_load=yes
lt_cv_ld_reload_flag=-r
lt_cv_nm_interface='BSD nm'
lt_cv_objdir=.libs
lt_cv_path_LD=/Applications/Xcode.app/Contents/Developer/Toolchains/XcodeDefault.xctoolchain/usr/bin/ld
lt_cv_path_NM=/usr/bin/nm
lt_cv_path_mainfest_tool=no
lt_cv_prog_compiler_c_o=yes
lt_cv_prog_compiler_pic='-fno-common -DPIC'
lt_cv_prog_compiler_pic_works=yes
lt_cv_prog_compiler_rtti_exceptions=yes
lt_cv_prog_compiler_static_works=no
lt_cv_prog_gnu_ld=no
lt_cv_sharedlib_from_linklib_cmd='printf %s\n'
lt_cv_sys_global_symbol_pipe='sed -n -e '\''s/^.*[	 ]\([BCDEGRST][BCDEGRST]*\)[	 ][	 ]*_\([_A-Za-z][_A-Za-z0-9]*\)$/\1 _\2 \2/p'\'' | sed '\''/ __gnu_lto/d'\'''
lt_cv_sys_global_symbol_to_c_name_address='sed -n -e '\''s/^: \([^ ]*\)[ ]*$/  {\"\1\", (void *) 0},/p'\'' -e '\''s/^[BCDEGRST]* \([^ ]*\) \([^ ]*\)$/  {"\2", (void *) \&\2},/p'\'''
lt_cv_sys_global_symbol_to_c_name_address_lib_prefix='sed -n -e '\''s/^: \([^ ]*\)[ ]*$/  {\"\1\", (void *) 0},/p'\'' -e '\''s/^[BCDEGRST]* \([^ ]*\) \(lib[^ ]*\)$/  {"\2", (void *) \&\2},/p'\'' -e '\''s/^[BCDEGRST]* \([^ ]*\) \([^ ]*\)$/  {"lib\2", (void *) \&\2},/p'\'''
lt_cv_sys_global_symbol_to_cdecl='sed -n -e '\''s/^T .* \(.*\)$/extern int \1();/p'\'' -e '\''s/^[BCDEGRST]* .* \(.*\)$/extern char \1;/p'\'''
lt_cv_sys_max_cmd_len=196608
lt_cv_to_host_file_cmd=func_convert_file_noop
lt_cv_to_tool_file_cmd=func_convert_file_noop
pkg_cv_FREETYPE_CFLAGS='-I/usr/local/Cellar/freetype/2.5.4/include/freetype2 '
pkg_cv_FREETYPE_LIBS='-L/usr/local/Cellar/freetype/2.5.4/lib -lfreetype '

## ----------------- ##
## Output variables. ##
## ----------------- ##

ACLOCAL='${SHELL} /Users/soywiz/Projects/haxe-cairo/project/fontconfig/missing aclocal-1.14'
AMDEPBACKSLASH='\'
AMDEP_FALSE='#'
AMDEP_TRUE=''
AMTAR='$${TAR-tar}'
AM_BACKSLASH='\'
AM_DEFAULT_V='$(AM_DEFAULT_VERBOSITY)'
AM_DEFAULT_VERBOSITY='0'
AM_V='$(V)'
AR='ar'
AS='as'
AUTOCONF='${SHELL} /Users/soywiz/Projects/haxe-cairo/project/fontconfig/missing autoconf'
AUTOHEADER='${SHELL} /Users/soywiz/Projects/haxe-cairo/project/fontconfig/missing autoheader'
AUTOMAKE='${SHELL} /Users/soywiz/Projects/haxe-cairo/project/fontconfig/missing automake-1.14'
AWK='gawk'
BASECONFIGDIR='${sysconfdir}/fonts'
CC='gcc'
CCDEPMODE='depmode=gcc3'
CC_FOR_BUILD='$(CC)'
CFLAGS='-g -O2 -D_THREAD_SAFE -pthread'
CONFIGDIR='${BASECONFIGDIR}/conf.d'
CPP='gcc -E'
CPPFLAGS=''
CROSS_COMPILING_FALSE=''
CROSS_COMPILING_TRUE='#'
CYGPATH_W='echo'
DEFS='-DHAVE_CONFIG_H'
DEPDIR='.deps'
DLLTOOL='false'
DOCMAN3='FcAtomicCreate.3 FcAtomicLock.3 FcAtomicNewFile.3 FcAtomicOrigFile.3 FcAtomicReplaceOrig.3 FcAtomicDeleteNew.3 FcAtomicUnlock.3 FcAtomicDestroy.3 FcBlanksCreate.3 FcBlanksDestroy.3 FcBlanksAdd.3 FcBlanksIsMember.3 FcCacheDir.3 FcCacheCopySet.3 FcCacheSubdir.3 FcCacheNumSubdir.3 FcCacheNumFont.3 FcDirCacheClean.3 FcCacheCreateTagFile.3 FcCharSetCreate.3 FcCharSetDestroy.3 FcCharSetAddChar.3 FcCharSetDelChar.3 FcCharSetCopy.3 FcCharSetEqual.3 FcCharSetIntersect.3 FcCharSetUnion.3 FcCharSetSubtract.3 FcCharSetMerge.3 FcCharSetHasChar.3 FcCharSetCount.3 FcCharSetIntersectCount.3 FcCharSetSubtractCount.3 FcCharSetIsSubset.3 FcCharSetFirstPage.3 FcCharSetNextPage.3 FcCharSetCoverage.3 FcCharSetNew.3 FcConfigCreate.3 FcConfigReference.3 FcConfigDestroy.3 FcConfigSetCurrent.3 FcConfigGetCurrent.3 FcConfigUptoDate.3 FcConfigHome.3 FcConfigEnableHome.3 FcConfigBuildFonts.3 FcConfigGetConfigDirs.3 FcConfigGetFontDirs.3 FcConfigGetConfigFiles.3 FcConfigGetCache.3 FcConfigGetCacheDirs.3 FcConfigGetFonts.3 FcConfigGetBlanks.3 FcConfigGetRescanInterval.3 FcConfigSetRescanInterval.3 FcConfigAppFontAddFile.3 FcConfigAppFontAddDir.3 FcConfigAppFontClear.3 FcConfigSubstituteWithPat.3 FcConfigSubstitute.3 FcFontMatch.3 FcFontSort.3 FcFontRenderPrepare.3 FcFontList.3 FcConfigFilename.3 FcConfigParseAndLoad.3 FcConfigGetSysRoot.3 FcConfigSetSysRoot.3 FcNameRegisterConstants.3 FcNameUnregisterConstants.3 FcNameGetConstant.3 FcNameConstant.3 FcDirCacheUnlink.3 FcDirCacheValid.3 FcDirCacheLoad.3 FcDirCacheRescan.3 FcDirCacheRead.3 FcDirCacheLoadFile.3 FcDirCacheUnload.3 FcFileScan.3 FcFileIsDir.3 FcDirScan.3 FcDirSave.3 FcFontSetCreate.3 FcFontSetDestroy.3 FcFontSetAdd.3 FcFontSetList.3 FcFontSetMatch.3 FcFontSetPrint.3 FcFontSetSort.3 FcFontSetSortDestroy.3 FcPatternFormat.3 FcFreeTypeCharIndex.3 FcFreeTypeCharSet.3 FcFreeTypeCharSetAndSpacing.3 FcFreeTypeQuery.3 FcFreeTypeQueryFace.3 FcInitLoadConfig.3 FcInitLoadConfigAndFonts.3 FcInit.3 FcFini.3 FcGetVersion.3 FcInitReinitialize.3 FcInitBringUptoDate.3 FcLangSetCreate.3 FcLangSetDestroy.3 FcLangSetCopy.3 FcLangSetAdd.3 FcLangSetDel.3 FcLangSetUnion.3 FcLangSetSubtract.3 FcLangSetCompare.3 FcLangSetContains.3 FcLangSetEqual.3 FcLangSetHash.3 FcLangSetHasLang.3 FcGetDefaultLangs.3 FcLangSetGetLangs.3 FcGetLangs.3 FcLangNormalize.3 FcLangGetCharSet.3 FcMatrixInit.3 FcMatrixCopy.3 FcMatrixEqual.3 FcMatrixMultiply.3 FcMatrixRotate.3 FcMatrixScale.3 FcMatrixShear.3 FcObjectSetCreate.3 FcObjectSetAdd.3 FcObjectSetDestroy.3 FcObjectSetBuild.3 FcNameRegisterObjectTypes.3 FcNameUnregisterObjectTypes.3 FcNameGetObjectType.3 FcPatternCreate.3 FcPatternDuplicate.3 FcPatternReference.3 FcPatternDestroy.3 FcPatternEqual.3 FcPatternEqualSubset.3 FcPatternFilter.3 FcPatternHash.3 FcPatternAdd.3 FcPatternAddWeak.3 FcPatternAdd-Type.3 FcPatternGet.3 FcPatternGet-Type.3 FcPatternBuild.3 FcPatternDel.3 FcPatternRemove.3 FcPatternPrint.3 FcDefaultSubstitute.3 FcNameParse.3 FcNameUnparse.3 FcRangeCopy.3 FcRangeCreateDouble.3 FcRangeCreateInteger.3 FcRangeDestroy.3 FcRangeGetDouble.3 FcUtf8ToUcs4.3 FcUcs4ToUtf8.3 FcUtf8Len.3 FcUtf16ToUcs4.3 FcUtf16Len.3 FcIsLower.3 FcIsUpper.3 FcToLower.3 FcStrCopy.3 FcStrDowncase.3 FcStrCopyFilename.3 FcStrCmp.3 FcStrCmpIgnoreCase.3 FcStrStr.3 FcStrStrIgnoreCase.3 FcStrPlus.3 FcStrFree.3 FcStrDirname.3 FcStrBasename.3 FcStrSetCreate.3 FcStrSetMember.3 FcStrSetEqual.3 FcStrSetAdd.3 FcStrSetAddFilename.3 FcStrSetDel.3 FcStrSetDestroy.3 FcStrListCreate.3 FcStrListFirst.3 FcStrListNext.3 FcStrListDone.3 FcValueDestroy.3 FcValueSave.3 FcValuePrint.3 FcValueEqual.3 FcWeightFromOpenType.3 FcWeightToOpenType.3 '
DSYMUTIL='dsymutil'
DUMPBIN=''
ECHO_C='\c'
ECHO_N=''
ECHO_T=''
EGREP='/usr/bin/grep -E'
ENABLE_DOCS_FALSE='#'
ENABLE_DOCS_TRUE=''
ENABLE_SHARED_FALSE='#'
ENABLE_SHARED_TRUE=''
EXEEXT=''
EXEEXT_FOR_BUILD='$(EXEEXT)'
EXPAT_CFLAGS=''
EXPAT_LIBS='-lexpat'
FC_ADD_FONTS='/usr/X11R6/lib/X11/fonts'
FC_CACHEDIR='${localstatedir}/cache/${PACKAGE}'
FC_DEFAULT_FONTS='/usr/share/fonts'
FC_FONTDATE='Sat Dec 27 16:21:57 CET 2014'
FC_FONTPATH='<dir>/usr/X11R6/lib/X11/fonts</dir>'
FGREP='/usr/bin/grep -F'
FREETYPE_CFLAGS='-I/usr/local/Cellar/freetype/2.5.4/include/freetype2 '
FREETYPE_LIBS='-L/usr/local/Cellar/freetype/2.5.4/lib -lfreetype '
GIT='${SHELL} /Users/soywiz/Projects/haxe-cairo/project/fontconfig/missing git'
GPERF='${SHELL} /Users/soywiz/Projects/haxe-cairo/project/fontconfig/missing gperf'
GREP='/usr/bin/grep'
HASDOCBOOK='no'
HAVE_PTHREAD_FALSE='#'
HAVE_PTHREAD_TRUE=''
HAVE_XMLPARSE_H=''
ICONV_CFLAGS=''
ICONV_LIBS=''
INSTALL_DATA='${INSTALL} -m 644'
INSTALL_PROGRAM='${INSTALL}'
INSTALL_SCRIPT='${INSTALL}'
INSTALL_STRIP_PROGRAM='$(install_sh) -c -s'
LD='/Applications/Xcode.app/Contents/Developer/Toolchains/XcodeDefault.xctoolchain/usr/bin/ld'
LDFLAGS=''
LIBOBJS=''
LIBS=' '
LIBTOOL='$(SHELL) $(top_builddir)/libtool'
LIBT_CURRENT='9'
LIBT_CURRENT_MINUS_AGE='1'
LIBT_REVISION='0'
LIBT_VERSION_INFO='9:0:8'
LIBXML2_CFLAGS=''
LIBXML2_LIBS=''
LIPO='lipo'
LN_S='ln -s'
LTLIBOBJS=''
MAKEINFO='${SHELL} /Users/soywiz/Projects/haxe-cairo/project/fontconfig/missing makeinfo'
MANIFEST_TOOL=':'
MKDIR_P='/usr/local/bin/gmkdir -p'
MS_LIB_AVAILABLE_FALSE=''
MS_LIB_AVAILABLE_TRUE='#'
NM='/usr/bin/nm'
NMEDIT='nmedit'
OBJDUMP='false'
OBJEXT='o'
OS_WIN32_FALSE=''
OS_WIN32_TRUE='#'
OTOOL64=':'
OTOOL='otool'
PACKAGE='fontconfig'
PACKAGE_BUGREPORT='https://bugs.freedesktop.org/enter_bug.cgi?product=fontconfig'
PACKAGE_NAME='fontconfig'
PACKAGE_STRING='fontconfig 2.11.91'
PACKAGE_TARNAME='fontconfig'
PACKAGE_URL=''
PACKAGE_VERSION='2.11.91'
PATH_SEPARATOR=':'
PKGCONFIG_REQUIRES=' freetype2'
PKGCONFIG_REQUIRES_PRIVATELY=''
PKG_CONFIG='/usr/local/bin/pkg-config'
PKG_CONFIG_LIBDIR=''
PKG_CONFIG_PATH=''
PTHREAD_CC='gcc'
PTHREAD_CFLAGS='-D_THREAD_SAFE -pthread'
PTHREAD_LIBS=''
RANLIB='ranlib'
RM='rm -f'
SED='/usr/local/bin/gsed'
SET_MAKE=''
SHELL='/bin/sh'
STRIP='strip'
TEMPLATEDIR='${datadir}/fontconfig/conf.avail'
USEDOCBOOK_FALSE=''
USEDOCBOOK_TRUE='#'
VERSION='2.11.91'
WARN_CFLAGS='-Wall -Wpointer-arith -Wstrict-prototypes 	-Wmissing-prototypes -Wmissing-declarations 	-Wnested-externs -fno-strict-aliasing'
XMLDIR='${datadir}/xml/fontconfig'
ac_ct_AR='ar'
ac_ct_CC='gcc'
ac_ct_DUMPBIN=''
am__EXEEXT_FALSE=''
am__EXEEXT_TRUE='#'
am__fastdepCC_FALSE='#'
am__fastdepCC_TRUE=''
am__include='include'
am__isrc=''
am__leading_dot='.'
am__nodep='_no'
am__quote=''
am__tar='$${TAR-tar} chof - "$$tardir"'
am__untar='$${TAR-tar} xf -'
ax_pthread_config=''
bindir='${exec_prefix}/bin'
build='x86_64-apple-darwin14.0.0'
build_alias=''
build_cpu='x86_64'
build_os='darwin14.0.0'
build_vendor='apple'
datadir='${datarootdir}'
datarootdir='${prefix}/share'
docdir='${datarootdir}/doc/${PACKAGE_TARNAME}'
dvidir='${docdir}'
exec_prefix='${prefix}'
fc_cachedir='${localstatedir}/cache/${PACKAGE}'
host='x86_64-apple-darwin14.0.0'
host_alias=''
host_cpu='x86_64'
host_os='darwin14.0.0'
host_vendor='apple'
htmldir='${docdir}'
includedir='${prefix}/include'
infodir='${datarootdir}/info'
install_sh='${SHELL} /Users/soywiz/Projects/haxe-cairo/project/fontconfig/install-sh'
libdir='${exec_prefix}/lib'
libexecdir='${exec_prefix}/libexec'
localedir='${datarootdir}/locale'
localstatedir='${prefix}/var'
mandir='${datarootdir}/man'
mkdir_p='$(MKDIR_P)'
ms_librarian=''
oldincludedir='/usr/include'
pdfdir='${docdir}'
pkgconfigdir='${libdir}/pkgconfig'
prefix='/usr/local'
program_transform_name='s,x,x,'
psdir='${docdir}'
sbindir='${exec_prefix}/sbin'
sharedstatedir='${prefix}/com'
sysconfdir='${prefix}/etc'
target_alias=''

## ----------- ##
## confdefs.h. ##
## ----------- ##

/* confdefs.h */
#define PACKAGE_NAME "fontconfig"
#define PACKAGE_TARNAME "fontconfig"
#define PACKAGE_VERSION "2.11.91"
#define PACKAGE_STRING "fontconfig 2.11.91"
#define PACKAGE_BUGREPORT "https://bugs.freedesktop.org/enter_bug.cgi?product=fontconfig"
#define PACKAGE_URL ""
#define PACKAGE "fontconfig"
#define VERSION "2.11.91"
#define STDC_HEADERS 1
#define HAVE_SYS_TYPES_H 1
#define HAVE_SYS_STAT_H 1
#define HAVE_STDLIB_H 1
#define HAVE_STRING_H 1
#define HAVE_MEMORY_H 1
#define HAVE_STRINGS_H 1
#define HAVE_INTTYPES_H 1
#define HAVE_STDINT_H 1
#define HAVE_UNISTD_H 1
#define __EXTENSIONS__ 1
#define _ALL_SOURCE 1
#define _GNU_SOURCE 1
#define _POSIX_PTHREAD_SEMANTICS 1
#define _TANDEM_SOURCE 1
#define HAVE_DLFCN_H 1
#define LT_OBJDIR ".libs/"
#define HAVE_WARNING_CPP_DIRECTIVE 1
#define HAVE_DIRENT_H 1
#define STDC_HEADERS 1
#define HAVE_FCNTL_H 1
#define HAVE_STDLIB_H 1
#define HAVE_STRING_H 1
#define HAVE_UNISTD_H 1
#define HAVE_SYS_STATVFS_H 1
#define HAVE_SYS_PARAM_H 1
#define HAVE_SYS_MOUNT_H 1
#define FLEXIBLE_ARRAY_MEMBER /**/
#define HAVE_VPRINTF 1
#define HAVE_STDLIB_H 1
#define HAVE_UNISTD_H 1
#define HAVE_SYS_PARAM_H 1
#define HAVE_GETPAGESIZE 1
#define HAVE_MMAP 1
#define HAVE_LINK 1
#define HAVE_MKSTEMP 1
#define HAVE_MKDTEMP 1
#define HAVE_GETOPT 1
#define HAVE_GETOPT_LONG 1
#define HAVE_GETPROGNAME 1
#define HAVE_RAND 1
#define HAVE_RANDOM 1
#define HAVE_LRAND48 1
#define HAVE_RAND_R 1
#define HAVE_READLINK 1
#define HAVE_FSTATVFS 1
#define HAVE_FSTATFS 1
#define HAVE_LSTAT 1
#define HAVE_POSIX_FADVISE 0
#define HAVE_SCANDIR 1
#define HAVE_STRUCT_STATFS_F_FLAGS 1
#define HAVE_STRUCT_STATFS_F_FSTYPENAME 1
#define HAVE_STRUCT_DIRENT_D_TYPE 1
#define USE_ICONV 0
#define HAVE_FT_GET_NEXT_CHAR 1
#define HAVE_FT_GET_BDF_PROPERTY 1
#define HAVE_FT_GET_PS_FONT_INFO 1
#define HAVE_FT_HAS_PS_GLYPH_NAMES 1
#define HAVE_FT_GET_X11_FONT_FORMAT 1
#define HAVE_FT_SELECT_SIZE 1
#define HAVE_FT_BITMAP_SIZE_Y_PPEM 1
#define HAVE_TT_OS2_USLOWEROPTICALPOINTSIZE 1
#define HAVE_TT_OS2_USUPPEROPTICALPOINTSIZE 1
#define HAVE_XML_SETDOCTYPEDECLHANDLER 1
#define FC_DEFAULT_FONTS "/usr/share/fonts"
#define FC_ADD_FONTS "yes"
#define HAVE_INTEL_ATOMIC_PRIMITIVES 1
#define HAVE_PTHREAD_PRIO_INHERIT 1
#define HAVE_PTHREAD 1
#define SIZEOF_VOID_P 8
#define ALIGNOF_DOUBLE 8

configure: exit 0

## ---------------------- ##
## Running config.status. ##
## ---------------------- ##

This file was extended by fontconfig config.status 2.11.91, which was
generated by GNU Autoconf 2.69.  Invocation command line was

  CONFIG_FILES    = 
  CONFIG_HEADERS  = 
  CONFIG_LINKS    = 
  CONFIG_COMMANDS = 
  $ ./config.status src/fcstdint.h

on MBP-de-Carlos-2

config.status:1486: executing src/fcstdint.h commands
config.status:2220: creating src/fcstdint.h : _FONTCONFIG_SRC_FCSTDINT_H
config.status:2652: src/fcstdint.h is unchanged
